{"meta": {"format": 3, "version": "7.14.1", "timestamp": "2026-06-28T18:51:40.654060", "branch_coverage": true, "show_contexts": false}, "files": {"skillprism/__init__.py": {"executed_lines": [3, 5, 11, 14, 16], "summary": {"covered_lines": 5, "num_statements": 5, "percent_covered": 100.0, "percent_covered_display": "100", "missing_lines": 0, "excluded_lines": 0, "percent_statements_covered": 100.0, "percent_statements_covered_display": "100", "num_branches": 0, "num_partial_branches": 0, "covered_branches": 0, "missing_branches": 0, "percent_branches_covered": 100.0, "percent_branches_covered_display": "100"}, "missing_lines": [], "excluded_lines": [], "executed_branches": [], "missing_branches": [], "functions": {"": {"executed_lines": [3, 5, 11, 14, 16], "summary": {"covered_lines": 5, "num_statements": 5, "percent_covered": 100.0, "percent_covered_display": "100", "missing_lines": 0, "excluded_lines": 0, "percent_statements_covered": 100.0, "percent_statements_covered_display": "100", "num_branches": 0, "num_partial_branches": 0, "covered_branches": 0, "missing_branches": 0, "percent_branches_covered": 100.0, "percent_branches_covered_display": "100"}, "missing_lines": [], "excluded_lines": [], "start_line": 1, "executed_branches": [], "missing_branches": []}}, "classes": {"": {"executed_lines": [3, 5, 11, 14, 16], "summary": {"covered_lines": 5, "num_statements": 5, "percent_covered": 100.0, "percent_covered_display": "100", "missing_lines": 0, "excluded_lines": 0, "percent_statements_covered": 100.0, "percent_statements_covered_display": "100", "num_branches": 0, "num_partial_branches": 0, "covered_branches": 0, "missing_branches": 0, "percent_branches_covered": 100.0, "percent_branches_covered_display": "100"}, "missing_lines": [], "excluded_lines": [], "start_line": 1, "executed_branches": [], "missing_branches": []}}}, "skillprism/_locking.py": {"executed_lines": [16, 18, 19, 20, 21, 22, 25, 27, 28, 31, 32, 33, 34, 35, 36, 46, 47, 53, 54, 55, 56, 57, 58, 60, 63, 65, 66, 68, 71, 74, 76, 78, 79], "summary": {"covered_lines": 33, "num_statements": 44, "percent_covered": 72.91666666666667, "percent_covered_display": "73", "missing_lines": 11, "excluded_lines": 4, "percent_statements_covered": 75.0, "percent_statements_covered_display": "75", "num_branches": 4, "num_partial_branches": 2, "covered_branches": 2, "missing_branches": 2, "percent_branches_covered": 50.0, "percent_branches_covered_display": "50"}, "missing_lines": [37, 39, 40, 41, 42, 43, 77, 80, 81, 82, 83], "excluded_lines": [61, 62, 69, 70], "executed_branches": [[76, 78], [79, -74]], "missing_branches": [[76, 77], [79, 80]], "functions": {"atomic_write_text": {"executed_lines": [27, 28, 31, 32, 33, 34, 35, 36], "summary": {"covered_lines": 8, "num_statements": 14, "percent_covered": 57.142857142857146, "percent_covered_display": "57", "missing_lines": 6, "excluded_lines": 0, "percent_statements_covered": 57.142857142857146, "percent_statements_covered_display": "57", "num_branches": 0, "num_partial_branches": 0, "covered_branches": 0, "missing_branches": 0, "percent_branches_covered": 100.0, "percent_branches_covered_display": "100"}, "missing_lines": [37, 39, 40, 41, 42, 43], "excluded_lines": [], "start_line": 25, "executed_branches": [], "missing_branches": []}, "file_lock": {"executed_lines": [53, 54, 55, 56, 57, 58, 60, 63, 65, 66, 68, 71], "summary": {"covered_lines": 12, "num_statements": 12, "percent_covered": 100.0, "percent_covered_display": "100", "missing_lines": 0, "excluded_lines": 4, "percent_statements_covered": 100.0, "percent_statements_covered_display": "100", "num_branches": 0, "num_partial_branches": 0, "covered_branches": 0, "missing_branches": 0, "percent_branches_covered": 100.0, "percent_branches_covered_display": "100"}, "missing_lines": [], "excluded_lines": [61, 62, 69, 70], "start_line": 47, "executed_branches": [], "missing_branches": []}, "prune_rolling_backups": {"executed_lines": [76, 78, 79], "summary": {"covered_lines": 3, "num_statements": 8, "percent_covered": 41.666666666666664, "percent_covered_display": "42", "missing_lines": 5, "excluded_lines": 0, "percent_statements_covered": 37.5, "percent_statements_covered_display": "38", "num_branches": 4, "num_partial_branches": 2, "covered_branches": 2, "missing_branches": 2, "percent_branches_covered": 50.0, "percent_branches_covered_display": "50"}, "missing_lines": [77, 80, 81, 82, 83], "excluded_lines": [], "start_line": 74, "executed_branches": [[76, 78], [79, -74]], "missing_branches": [[76, 77], [79, 80]]}, "": {"executed_lines": [16, 18, 19, 20, 21, 22, 25, 46, 47, 74], "summary": {"covered_lines": 10, "num_statements": 10, "percent_covered": 100.0, "percent_covered_display": "100", "missing_lines": 0, "excluded_lines": 0, "percent_statements_covered": 100.0, "percent_statements_covered_display": "100", "num_branches": 0, "num_partial_branches": 0, "covered_branches": 0, "missing_branches": 0, "percent_branches_covered": 100.0, "percent_branches_covered_display": "100"}, "missing_lines": [], "excluded_lines": [], "start_line": 1, "executed_branches": [], "missing_branches": []}}, "classes": {"": {"executed_lines": [16, 18, 19, 20, 21, 22, 25, 27, 28, 31, 32, 33, 34, 35, 36, 46, 47, 53, 54, 55, 56, 57, 58, 60, 63, 65, 66, 68, 71, 74, 76, 78, 79], "summary": {"covered_lines": 33, "num_statements": 44, "percent_covered": 72.91666666666667, "percent_covered_display": "73", "missing_lines": 11, "excluded_lines": 4, "percent_statements_covered": 75.0, "percent_statements_covered_display": "75", "num_branches": 4, "num_partial_branches": 2, "covered_branches": 2, "missing_branches": 2, "percent_branches_covered": 50.0, "percent_branches_covered_display": "50"}, "missing_lines": [37, 39, 40, 41, 42, 43, 77, 80, 81, 82, 83], "excluded_lines": [61, 62, 69, 70], "start_line": 1, "executed_branches": [[76, 78], [79, -74]], "missing_branches": [[76, 77], [79, 80]]}}}, "skillprism/_net_guard.py": {"executed_lines": [11, 13, 14, 15, 18, 19, 20, 25, 35, 37, 38, 39, 40, 41, 42, 43, 46, 47, 48, 49, 50, 52, 53, 54, 55, 56, 57, 59, 61, 62, 63], "summary": {"covered_lines": 31, "num_statements": 35, "percent_covered": 87.23404255319149, "percent_covered_display": "87", "missing_lines": 4, "excluded_lines": 0, "percent_statements_covered": 88.57142857142857, "percent_statements_covered_display": "89", "num_branches": 12, "num_partial_branches": 2, "covered_branches": 10, "missing_branches": 2, "percent_branches_covered": 83.33333333333333, "percent_branches_covered_display": "83"}, "missing_lines": [21, 22, 44, 60], "excluded_lines": [], "executed_branches": [[37, 38], [37, 39], [40, 41], [40, 42], [43, 46], [56, 57], [56, 63], [59, 61], [61, 56], [61, 62]], "missing_branches": [[43, 44], [59, 60]], "functions": {"_is_blocked_ip": {"executed_lines": [19, 20, 25], "summary": {"covered_lines": 3, "num_statements": 5, "percent_covered": 60.0, "percent_covered_display": "60", "missing_lines": 2, "excluded_lines": 0, "percent_statements_covered": 60.0, "percent_statements_covered_display": "60", "num_branches": 0, "num_partial_branches": 0, "covered_branches": 0, "missing_branches": 0, "percent_branches_covered": 100.0, "percent_branches_covered_display": "100"}, "missing_lines": [21, 22], "excluded_lines": [], "start_line": 18, "executed_branches": [], "missing_branches": []}, "is_safe_url": {"executed_lines": [37, 38, 39, 40, 41, 42, 43, 46, 47, 48, 49, 50, 52, 53, 54, 55, 56, 57, 59, 61, 62, 63], "summary": {"covered_lines": 22, "num_statements": 24, "percent_covered": 88.88888888888889, "percent_covered_display": "89", "missing_lines": 2, "excluded_lines": 0, "percent_statements_covered": 91.66666666666667, "percent_statements_covered_display": "92", "num_branches": 12, "num_partial_branches": 2, "covered_branches": 10, "missing_branches": 2, "percent_branches_covered": 83.33333333333333, "percent_branches_covered_display": "83"}, "missing_lines": [44, 60], "excluded_lines": [], "start_line": 35, "executed_branches": [[37, 38], [37, 39], [40, 41], [40, 42], [43, 46], [56, 57], [56, 63], [59, 61], [61, 56], [61, 62]], "missing_branches": [[43, 44], [59, 60]]}, "": {"executed_lines": [11, 13, 14, 15, 18, 35], "summary": {"covered_lines": 6, "num_statements": 6, "percent_covered": 100.0, "percent_covered_display": "100", "missing_lines": 0, "excluded_lines": 0, "percent_statements_covered": 100.0, "percent_statements_covered_display": "100", "num_branches": 0, "num_partial_branches": 0, "covered_branches": 0, "missing_branches": 0, "percent_branches_covered": 100.0, "percent_branches_covered_display": "100"}, "missing_lines": [], "excluded_lines": [], "start_line": 1, "executed_branches": [], "missing_branches": []}}, "classes": {"": {"executed_lines": [11, 13, 14, 15, 18, 19, 20, 25, 35, 37, 38, 39, 40, 41, 42, 43, 46, 47, 48, 49, 50, 52, 53, 54, 55, 56, 57, 59, 61, 62, 63], "summary": {"covered_lines": 31, "num_statements": 35, "percent_covered": 87.23404255319149, "percent_covered_display": "87", "missing_lines": 4, "excluded_lines": 0, "percent_statements_covered": 88.57142857142857, "percent_statements_covered_display": "89", "num_branches": 12, "num_partial_branches": 2, "covered_branches": 10, "missing_branches": 2, "percent_branches_covered": 83.33333333333333, "percent_branches_covered_display": "83"}, "missing_lines": [21, 22, 44, 60], "excluded_lines": [], "start_line": 1, "executed_branches": [[37, 38], [37, 39], [40, 41], [40, 42], [43, 46], [56, 57], [56, 63], [59, 61], [61, 56], [61, 62]], "missing_branches": [[43, 44], [59, 60]]}}}, "skillprism/benchmark/__init__.py": {"executed_lines": [3, 4, 5, 6, 8], "summary": {"covered_lines": 5, "num_statements": 5, "percent_covered": 100.0, "percent_covered_display": "100", "missing_lines": 0, "excluded_lines": 0, "percent_statements_covered": 100.0, "percent_statements_covered_display": "100", "num_branches": 0, "num_partial_branches": 0, "covered_branches": 0, "missing_branches": 0, "percent_branches_covered": 100.0, "percent_branches_covered_display": "100"}, "missing_lines": [], "excluded_lines": [], "executed_branches": [], "missing_branches": [], "functions": {"": {"executed_lines": [3, 4, 5, 6, 8], "summary": {"covered_lines": 5, "num_statements": 5, "percent_covered": 100.0, "percent_covered_display": "100", "missing_lines": 0, "excluded_lines": 0, "percent_statements_covered": 100.0, "percent_statements_covered_display": "100", "num_branches": 0, "num_partial_branches": 0, "covered_branches": 0, "missing_branches": 0, "percent_branches_covered": 100.0, "percent_branches_covered_display": "100"}, "missing_lines": [], "excluded_lines": [], "start_line": 1, "executed_branches": [], "missing_branches": []}}, "classes": {"": {"executed_lines": [3, 4, 5, 6, 8], "summary": {"covered_lines": 5, "num_statements": 5, "percent_covered": 100.0, "percent_covered_display": "100", "missing_lines": 0, "excluded_lines": 0, "percent_statements_covered": 100.0, "percent_statements_covered_display": "100", "num_branches": 0, "num_partial_branches": 0, "covered_branches": 0, "missing_branches": 0, "percent_branches_covered": 100.0, "percent_branches_covered_display": "100"}, "missing_lines": [], "excluded_lines": [], "start_line": 1, "executed_branches": [], "missing_branches": []}}}, "skillprism/benchmark/builder.py": {"executed_lines": [7, 9, 10, 11, 12, 14, 16, 17, 18, 21, 23, 24, 26, 27, 28, 29, 30, 32, 33, 34, 36, 37, 51, 54, 55, 56, 58, 59, 69, 84, 92, 93, 94, 96, 97, 98, 99, 101, 102, 107, 113, 116, 127, 246], "summary": {"covered_lines": 44, "num_statements": 135, "percent_covered": 30.541871921182267, "percent_covered_display": "31", "missing_lines": 91, "excluded_lines": 0, "percent_statements_covered": 32.592592592592595, "percent_statements_covered_display": "33", "num_branches": 68, "num_partial_branches": 10, "covered_branches": 18, "missing_branches": 50, "percent_branches_covered": 26.470588235294116, "percent_branches_covered_display": "26"}, "missing_lines": [25, 31, 35, 38, 39, 40, 41, 42, 43, 44, 45, 46, 47, 48, 50, 57, 60, 61, 62, 63, 64, 65, 66, 95, 108, 109, 110, 111, 120, 121, 122, 123, 124, 128, 129, 130, 131, 132, 133, 137, 138, 139, 142, 143, 146, 151, 156, 163, 168, 173, 175, 176, 178, 179, 180, 181, 182, 183, 185, 186, 187, 190, 191, 192, 193, 194, 196, 211, 214, 215, 216, 217, 218, 221, 222, 225, 226, 227, 228, 230, 231, 232, 233, 235, 236, 237, 238, 239, 241, 243, 247], "excluded_lines": [], "executed_branches": [[24, 26], [29, 30], [29, 33], [30, 32], [33, 34], [34, 36], [56, 58], [58, 59], [92, 93], [94, 96], [96, 97], [96, 98], [98, 99], [98, 101], [101, 102], [101, 107], [107, 113], [246, -1]], "missing_branches": [[24, 25], [30, 31], [33, 38], [34, 35], [38, 39], [38, 45], [39, 40], [39, 41], [45, 46], [45, 50], [46, 47], [46, 48], [56, 57], [58, 60], [60, 61], [60, 62], [62, 63], [62, 64], [64, 65], [64, 66], [92, 94], [94, 95], [107, 108], [109, 110], [109, 113], [179, 180], [179, 181], [181, 182], [181, 185], [186, 187], [186, 190], [191, 192], [191, 194], [214, 215], [214, 225], [215, 216], [215, 217], [217, 218], [217, 225], [221, 217], [221, 222], [225, 226], [225, 227], [227, 228], [227, 230], [235, 236], [235, 243], [237, 238], [237, 241], [246, 247]], "functions": {"_parse_metric": {"executed_lines": [23, 24, 26, 27, 28, 29, 30, 32, 33, 34, 36, 37, 51], "summary": {"covered_lines": 13, "num_statements": 28, "percent_covered": 41.30434782608695, "percent_covered_display": "41", "missing_lines": 15, "excluded_lines": 0, "percent_statements_covered": 46.42857142857143, "percent_statements_covered_display": "46", "num_branches": 18, "num_partial_branches": 4, "covered_branches": 6, "missing_branches": 12, "percent_branches_covered": 33.333333333333336, "percent_branches_covered_display": "33"}, "missing_lines": [25, 31, 35, 38, 39, 40, 41, 42, 43, 44, 45, 46, 47, 48, 50], "excluded_lines": [], "start_line": 21, "executed_branches": [[24, 26], [29, 30], [29, 33], [30, 32], [33, 34], [34, 36]], "missing_branches": [[24, 25], [30, 31], [33, 38], [34, 35], [38, 39], [38, 45], [39, 40], [39, 41], [45, 46], [45, 50], [46, 47], [46, 48]]}, "_infer_format": {"executed_lines": [55, 56, 58, 59], "summary": {"covered_lines": 4, "num_statements": 12, "percent_covered": 27.272727272727273, "percent_covered_display": "27", "missing_lines": 8, "excluded_lines": 0, "percent_statements_covered": 33.333333333333336, "percent_statements_covered_display": "33", "num_branches": 10, "num_partial_branches": 2, "covered_branches": 2, "missing_branches": 8, "percent_branches_covered": 20.0, "percent_branches_covered_display": "20"}, "missing_lines": [57, 60, 61, 62, 63, 64, 65, 66], "excluded_lines": [], "start_line": 54, "executed_branches": [[56, 58], [58, 59]], "missing_branches": [[56, 57], [58, 60], [60, 61], [60, 62], [62, 63], [62, 64], [64, 65], [64, 66]]}, "build_benchmark_entry": {"executed_lines": [84, 92, 93, 94, 96, 97, 98, 99, 101, 102, 107, 113], "summary": {"covered_lines": 12, "num_statements": 17, "percent_covered": 67.74193548387096, "percent_covered_display": "68", "missing_lines": 5, "excluded_lines": 0, "percent_statements_covered": 70.58823529411765, "percent_statements_covered_display": "71", "num_branches": 14, "num_partial_branches": 3, "covered_branches": 9, "missing_branches": 5, "percent_branches_covered": 64.28571428571429, "percent_branches_covered_display": "64"}, "missing_lines": [95, 108, 109, 110, 111], "excluded_lines": [], "start_line": 69, "executed_branches": [[92, 93], [94, 96], [96, 97], [96, 98], [98, 99], [98, 101], [101, 102], [101, 107], [107, 113]], "missing_branches": [[92, 94], [94, 95], [107, 108], [109, 110], [109, 113]]}, "_generate_expected_for_table": {"executed_lines": [], "summary": {"covered_lines": 0, "num_statements": 5, "percent_covered": 0.0, "percent_covered_display": "0", "missing_lines": 5, "excluded_lines": 0, "percent_statements_covered": 0.0, "percent_statements_covered_display": "0", "num_branches": 0, "num_partial_branches": 0, "covered_branches": 0, "missing_branches": 0, "percent_branches_covered": 100.0, "percent_branches_covered_display": "100"}, "missing_lines": [120, 121, 122, 123, 124], "excluded_lines": [], "start_line": 116, "executed_branches": [], "missing_branches": []}, "main": {"executed_lines": [], "summary": {"covered_lines": 0, "num_statements": 57, "percent_covered": 0.0, "percent_covered_display": "0", "missing_lines": 57, "excluded_lines": 0, "percent_statements_covered": 0.0, "percent_statements_covered_display": "0", "num_branches": 24, "num_partial_branches": 0, "covered_branches": 0, "missing_branches": 24, "percent_branches_covered": 0.0, "percent_branches_covered_display": "0"}, "missing_lines": [128, 129, 130, 131, 132, 133, 137, 138, 139, 142, 143, 146, 151, 156, 163, 168, 173, 175, 176, 178, 179, 180, 181, 182, 183, 185, 186, 187, 190, 191, 192, 193, 194, 196, 211, 214, 215, 216, 217, 218, 221, 222, 225, 226, 227, 228, 230, 231, 232, 233, 235, 236, 237, 238, 239, 241, 243], "excluded_lines": [], "start_line": 127, "executed_branches": [], "missing_branches": [[179, 180], [179, 181], [181, 182], [181, 185], [186, 187], [186, 190], [191, 192], [191, 194], [214, 215], [214, 225], [215, 216], [215, 217], [217, 218], [217, 225], [221, 217], [221, 222], [225, 226], [225, 227], [227, 228], [227, 230], [235, 236], [235, 243], [237, 238], [237, 241]]}, "": {"executed_lines": [7, 9, 10, 11, 12, 14, 16, 17, 18, 21, 54, 69, 116, 127, 246], "summary": {"covered_lines": 15, "num_statements": 16, "percent_covered": 88.88888888888889, "percent_covered_display": "89", "missing_lines": 1, "excluded_lines": 0, "percent_statements_covered": 93.75, "percent_statements_covered_display": "94", "num_branches": 2, "num_partial_branches": 1, "covered_branches": 1, "missing_branches": 1, "percent_branches_covered": 50.0, "percent_branches_covered_display": "50"}, "missing_lines": [247], "excluded_lines": [], "start_line": 1, "executed_branches": [[246, -1]], "missing_branches": [[246, 247]]}}, "classes": {"": {"executed_lines": [7, 9, 10, 11, 12, 14, 16, 17, 18, 21, 23, 24, 26, 27, 28, 29, 30, 32, 33, 34, 36, 37, 51, 54, 55, 56, 58, 59, 69, 84, 92, 93, 94, 96, 97, 98, 99, 101, 102, 107, 113, 116, 127, 246], "summary": {"covered_lines": 44, "num_statements": 135, "percent_covered": 30.541871921182267, "percent_covered_display": "31", "missing_lines": 91, "excluded_lines": 0, "percent_statements_covered": 32.592592592592595, "percent_statements_covered_display": "33", "num_branches": 68, "num_partial_branches": 10, "covered_branches": 18, "missing_branches": 50, "percent_branches_covered": 26.470588235294116, "percent_branches_covered_display": "26"}, "missing_lines": [25, 31, 35, 38, 39, 40, 41, 42, 43, 44, 45, 46, 47, 48, 50, 57, 60, 61, 62, 63, 64, 65, 66, 95, 108, 109, 110, 111, 120, 121, 122, 123, 124, 128, 129, 130, 131, 132, 133, 137, 138, 139, 142, 143, 146, 151, 156, 163, 168, 173, 175, 176, 178, 179, 180, 181, 182, 183, 185, 186, 187, 190, 191, 192, 193, 194, 196, 211, 214, 215, 216, 217, 218, 221, 222, 225, 226, 227, 228, 230, 231, 232, 233, 235, 236, 237, 238, 239, 241, 243, 247], "excluded_lines": [], "start_line": 1, "executed_branches": [[24, 26], [29, 30], [29, 33], [30, 32], [33, 34], [34, 36], [56, 58], [58, 59], [92, 93], [94, 96], [96, 97], [96, 98], [98, 99], [98, 101], [101, 102], [101, 107], [107, 113], [246, -1]], "missing_branches": [[24, 25], [30, 31], [33, 38], [34, 35], [38, 39], [38, 45], [39, 40], [39, 41], [45, 46], [45, 50], [46, 47], [46, 48], [56, 57], [58, 60], [60, 61], [60, 62], [62, 63], [62, 64], [64, 65], [64, 66], [92, 94], [94, 95], [107, 108], [109, 110], [109, 113], [179, 180], [179, 181], [181, 182], [181, 185], [186, 187], [186, 190], [191, 192], [191, 194], [214, 215], [214, 225], [215, 216], [215, 217], [217, 218], [217, 225], [221, 217], [221, 222], [225, 226], [225, 227], [227, 228], [227, 230], [235, 236], [235, 243], [237, 238], [237, 241], [246, 247]]}}}, "skillprism/benchmark/download.py": {"executed_lines": [4, 6, 7, 8, 9, 10, 13, 21, 34, 42], "summary": {"covered_lines": 10, "num_statements": 40, "percent_covered": 19.23076923076923, "percent_covered_display": "19", "missing_lines": 30, "excluded_lines": 0, "percent_statements_covered": 25.0, "percent_statements_covered_display": "25", "num_branches": 12, "num_partial_branches": 0, "covered_branches": 0, "missing_branches": 12, "percent_branches_covered": 0.0, "percent_branches_covered_display": "0"}, "missing_lines": [14, 15, 16, 17, 18, 22, 23, 24, 26, 27, 29, 30, 31, 36, 37, 38, 39, 43, 44, 45, 46, 47, 48, 49, 50, 51, 52, 53, 54, 55], "excluded_lines": [], "executed_branches": [], "missing_branches": [[16, 17], [16, 18], [23, 24], [23, 26], [29, 30], [29, 31], [44, 45], [44, 46], [46, 47], [46, 53], [53, 54], [53, 55]], "functions": {"_checksum": {"executed_lines": [], "summary": {"covered_lines": 0, "num_statements": 5, "percent_covered": 0.0, "percent_covered_display": "0", "missing_lines": 5, "excluded_lines": 0, "percent_statements_covered": 0.0, "percent_statements_covered_display": "0", "num_branches": 2, "num_partial_branches": 0, "covered_branches": 0, "missing_branches": 2, "percent_branches_covered": 0.0, "percent_branches_covered_display": "0"}, "missing_lines": [14, 15, 16, 17, 18], "excluded_lines": [], "start_line": 13, "executed_branches": [], "missing_branches": [[16, 17], [16, 18]]}, "download_url": {"executed_lines": [], "summary": {"covered_lines": 0, "num_statements": 8, "percent_covered": 0.0, "percent_covered_display": "0", "missing_lines": 8, "excluded_lines": 0, "percent_statements_covered": 0.0, "percent_statements_covered_display": "0", "num_branches": 4, "num_partial_branches": 0, "covered_branches": 0, "missing_branches": 4, "percent_branches_covered": 0.0, "percent_branches_covered_display": "0"}, "missing_lines": [22, 23, 24, 26, 27, 29, 30, 31], "excluded_lines": [], "start_line": 21, "executed_branches": [], "missing_branches": [[23, 24], [23, 26], [29, 30], [29, 31]]}, "load_builtin": {"executed_lines": [], "summary": {"covered_lines": 0, "num_statements": 4, "percent_covered": 0.0, "percent_covered_display": "0", "missing_lines": 4, "excluded_lines": 0, "percent_statements_covered": 0.0, "percent_statements_covered_display": "0", "num_branches": 0, "num_partial_branches": 0, "covered_branches": 0, "missing_branches": 0, "percent_branches_covered": 100.0, "percent_branches_covered_display": "100"}, "missing_lines": [36, 37, 38, 39], "excluded_lines": [], "start_line": 34, "executed_branches": [], "missing_branches": []}, "fetch_dataset": {"executed_lines": [], "summary": {"covered_lines": 0, "num_statements": 13, "percent_covered": 0.0, "percent_covered_display": "0", "missing_lines": 13, "excluded_lines": 0, "percent_statements_covered": 0.0, "percent_statements_covered_display": "0", "num_branches": 6, "num_partial_branches": 0, "covered_branches": 0, "missing_branches": 6, "percent_branches_covered": 0.0, "percent_branches_covered_display": "0"}, "missing_lines": [43, 44, 45, 46, 47, 48, 49, 50, 51, 52, 53, 54, 55], "excluded_lines": [], "start_line": 42, "executed_branches": [], "missing_branches": [[44, 45], [44, 46], [46, 47], [46, 53], [53, 54], [53, 55]]}, "": {"executed_lines": [4, 6, 7, 8, 9, 10, 13, 21, 34, 42], "summary": {"covered_lines": 10, "num_statements": 10, "percent_covered": 100.0, "percent_covered_display": "100", "missing_lines": 0, "excluded_lines": 0, "percent_statements_covered": 100.0, "percent_statements_covered_display": "100", "num_branches": 0, "num_partial_branches": 0, "covered_branches": 0, "missing_branches": 0, "percent_branches_covered": 100.0, "percent_branches_covered_display": "100"}, "missing_lines": [], "excluded_lines": [], "start_line": 1, "executed_branches": [], "missing_branches": []}}, "classes": {"": {"executed_lines": [4, 6, 7, 8, 9, 10, 13, 21, 34, 42], "summary": {"covered_lines": 10, "num_statements": 40, "percent_covered": 19.23076923076923, "percent_covered_display": "19", "missing_lines": 30, "excluded_lines": 0, "percent_statements_covered": 25.0, "percent_statements_covered_display": "25", "num_branches": 12, "num_partial_branches": 0, "covered_branches": 0, "missing_branches": 12, "percent_branches_covered": 0.0, "percent_branches_covered_display": "0"}, "missing_lines": [14, 15, 16, 17, 18, 22, 23, 24, 26, 27, 29, 30, 31, 36, 37, 38, 39, 43, 44, 45, 46, 47, 48, 49, 50, 51, 52, 53, 54, 55], "excluded_lines": [], "start_line": 1, "executed_branches": [], "missing_branches": [[16, 17], [16, 18], [23, 24], [23, 26], [29, 30], [29, 31], [44, 45], [44, 46], [46, 47], [46, 53], [53, 54], [53, 55]]}}}, "skillprism/benchmark/evaluators.py": {"executed_lines": [4, 6, 7, 8, 9, 11, 14, 17, 19, 26, 27, 29, 30, 31, 32, 35, 36, 41, 42, 44, 45, 46, 49, 51, 52, 53, 55, 56, 57, 58, 78, 79, 80, 83, 84, 85, 88, 93, 104, 114, 115, 128, 135, 142, 153, 164, 180, 196, 212, 213, 227, 232, 236, 250, 264, 276, 277, 289, 301, 303, 304, 305, 307, 308, 309, 310, 311, 313, 319, 321, 323, 324, 327, 330, 332, 333, 336, 339, 341, 342, 345, 348, 350, 351, 353, 354, 355, 356, 357, 358, 361, 377, 397, 400, 402, 403, 405, 406, 407, 408, 409, 410, 411, 412, 413, 414, 417, 436, 437], "summary": {"covered_lines": 109, "num_statements": 244, "percent_covered": 40.0, "percent_covered_display": "40", "missing_lines": 135, "excluded_lines": 0, "percent_statements_covered": 44.67213114754098, "percent_statements_covered_display": "45", "num_branches": 66, "num_partial_branches": 7, "covered_branches": 15, "missing_branches": 51, "percent_branches_covered": 22.727272727272727, "percent_branches_covered_display": "23"}, "missing_lines": [33, 34, 37, 38, 39, 40, 59, 60, 61, 67, 68, 69, 70, 89, 90, 96, 97, 98, 99, 100, 101, 107, 108, 109, 110, 111, 145, 146, 148, 149, 150, 156, 157, 159, 160, 161, 167, 168, 169, 171, 172, 173, 174, 175, 176, 177, 183, 184, 185, 186, 188, 189, 190, 191, 192, 193, 199, 200, 201, 202, 204, 205, 206, 207, 208, 209, 228, 229, 233, 239, 240, 241, 242, 243, 244, 245, 246, 247, 253, 254, 255, 256, 257, 258, 259, 260, 261, 267, 268, 269, 270, 271, 272, 273, 306, 312, 352, 364, 366, 367, 368, 369, 370, 371, 372, 373, 374, 380, 382, 383, 384, 385, 386, 387, 388, 389, 390, 391, 392, 393, 394, 404, 420, 421, 423, 424, 425, 426, 427, 428, 429, 430, 431, 432, 433], "excluded_lines": [], "executed_branches": [[29, 30], [29, 44], [32, 35], [55, 56], [55, 57], [57, 58], [305, 307], [311, 313], [351, 353], [354, 355], [354, 358], [403, 405], [406, 407], [406, 413], [411, 412]], "missing_branches": [[32, 33], [57, 59], [59, 60], [59, 61], [61, 67], [61, 68], [68, 69], [68, 70], [97, 98], [97, 99], [107, 108], [107, 109], [175, 176], [175, 177], [183, 184], [183, 185], [199, 200], [199, 201], [241, 242], [241, 243], [245, 246], [245, 247], [255, 256], [255, 257], [259, 260], [259, 261], [269, 270], [269, 271], [271, 272], [271, 273], [305, 306], [311, 312], [351, 352], [367, 368], [367, 369], [370, 371], [370, 374], [383, 384], [383, 385], [386, 387], [386, 393], [391, 386], [391, 392], [403, 404], [411, 406], [424, 425], [424, 426], [427, 428], [427, 433], [431, 427], [431, 432]], "functions": {"Evaluator.evaluate": {"executed_lines": [26, 27, 29, 30, 31, 32, 35, 36, 41, 42, 44, 45, 46], "summary": {"covered_lines": 13, "num_statements": 19, "percent_covered": 69.56521739130434, "percent_covered_display": "70", "missing_lines": 6, "excluded_lines": 0, "percent_statements_covered": 68.42105263157895, "percent_statements_covered_display": "68", "num_branches": 4, "num_partial_branches": 1, "covered_branches": 3, "missing_branches": 1, "percent_branches_covered": 75.0, "percent_branches_covered_display": "75"}, "missing_lines": [33, 34, 37, 38, 39, 40], "excluded_lines": [], "start_line": 19, "executed_branches": [[29, 30], [29, 44], [32, 35]], "missing_branches": [[32, 33]]}, "get_evaluator": {"executed_lines": [51, 52, 53, 55, 56, 57, 58], "summary": {"covered_lines": 7, "num_statements": 14, "percent_covered": 41.666666666666664, "percent_covered_display": "42", "missing_lines": 7, "excluded_lines": 0, "percent_statements_covered": 50.0, "percent_statements_covered_display": "50", "num_branches": 10, "num_partial_branches": 1, "covered_branches": 3, "missing_branches": 7, "percent_branches_covered": 30.0, "percent_branches_covered_display": "30"}, "missing_lines": [59, 60, 61, 67, 68, 69, 70], "excluded_lines": [], "start_line": 49, "executed_branches": [[55, 56], [55, 57], [57, 58]], "missing_branches": [[57, 59], [59, 60], [59, 61], [61, 67], [61, 68], [68, 69], [68, 70]]}, "_read_csv_rows": {"executed_lines": [79, 80], "summary": {"covered_lines": 2, "num_statements": 2, "percent_covered": 100.0, "percent_covered_display": "100", "missing_lines": 0, "excluded_lines": 0, "percent_statements_covered": 100.0, "percent_statements_covered_display": "100", "num_branches": 0, "num_partial_branches": 0, "covered_branches": 0, "missing_branches": 0, "percent_branches_covered": 100.0, "percent_branches_covered_display": "100"}, "missing_lines": [], "excluded_lines": [], "start_line": 78, "executed_branches": [], "missing_branches": []}, "compute_row_count": {"executed_lines": [84, 85], "summary": {"covered_lines": 2, "num_statements": 2, "percent_covered": 100.0, "percent_covered_display": "100", "missing_lines": 0, "excluded_lines": 0, "percent_statements_covered": 100.0, "percent_statements_covered_display": "100", "num_branches": 0, "num_partial_branches": 0, "covered_branches": 0, "missing_branches": 0, "percent_branches_covered": 100.0, "percent_branches_covered_display": "100"}, "missing_lines": [], "excluded_lines": [], "start_line": 83, "executed_branches": [], "missing_branches": []}, "compute_col_count": {"executed_lines": [], "summary": {"covered_lines": 0, "num_statements": 2, "percent_covered": 0.0, "percent_covered_display": "0", "missing_lines": 2, "excluded_lines": 0, "percent_statements_covered": 0.0, "percent_statements_covered_display": "0", "num_branches": 0, "num_partial_branches": 0, "covered_branches": 0, "missing_branches": 0, "percent_branches_covered": 100.0, "percent_branches_covered_display": "100"}, "missing_lines": [89, 90], "excluded_lines": [], "start_line": 88, "executed_branches": [], "missing_branches": []}, "compute_has_required_columns": {"executed_lines": [], "summary": {"covered_lines": 0, "num_statements": 6, "percent_covered": 0.0, "percent_covered_display": "0", "missing_lines": 6, "excluded_lines": 0, "percent_statements_covered": 0.0, "percent_statements_covered_display": "0", "num_branches": 2, "num_partial_branches": 0, "covered_branches": 0, "missing_branches": 2, "percent_branches_covered": 0.0, "percent_branches_covered_display": "0"}, "missing_lines": [96, 97, 98, 99, 100, 101], "excluded_lines": [], "start_line": 93, "executed_branches": [], "missing_branches": [[97, 98], [97, 99]]}, "compute_expected_diff_rows": {"executed_lines": [], "summary": {"covered_lines": 0, "num_statements": 5, "percent_covered": 0.0, "percent_covered_display": "0", "missing_lines": 5, "excluded_lines": 0, "percent_statements_covered": 0.0, "percent_statements_covered_display": "0", "num_branches": 2, "num_partial_branches": 0, "covered_branches": 0, "missing_branches": 2, "percent_branches_covered": 0.0, "percent_branches_covered_display": "0"}, "missing_lines": [107, 108, 109, 110, 111], "excluded_lines": [], "start_line": 104, "executed_branches": [], "missing_branches": [[107, 108], [107, 109]]}, "_label_column": {"executed_lines": [135], "summary": {"covered_lines": 1, "num_statements": 1, "percent_covered": 100.0, "percent_covered_display": "100", "missing_lines": 0, "excluded_lines": 0, "percent_statements_covered": 100.0, "percent_statements_covered_display": "100", "num_branches": 0, "num_partial_branches": 0, "covered_branches": 0, "missing_branches": 0, "percent_branches_covered": 100.0, "percent_branches_covered_display": "100"}, "missing_lines": [], "excluded_lines": [], "start_line": 128, "executed_branches": [], "missing_branches": []}, "compute_n_clusters": {"executed_lines": [], "summary": {"covered_lines": 0, "num_statements": 5, "percent_covered": 0.0, "percent_covered_display": "0", "missing_lines": 5, "excluded_lines": 0, "percent_statements_covered": 0.0, "percent_statements_covered_display": "0", "num_branches": 0, "num_partial_branches": 0, "covered_branches": 0, "missing_branches": 0, "percent_branches_covered": 100.0, "percent_branches_covered_display": "100"}, "missing_lines": [145, 146, 148, 149, 150], "excluded_lines": [], "start_line": 142, "executed_branches": [], "missing_branches": []}, "compute_largest_cluster_ratio": {"executed_lines": [], "summary": {"covered_lines": 0, "num_statements": 5, "percent_covered": 0.0, "percent_covered_display": "0", "missing_lines": 5, "excluded_lines": 0, "percent_statements_covered": 0.0, "percent_statements_covered_display": "0", "num_branches": 0, "num_partial_branches": 0, "covered_branches": 0, "missing_branches": 0, "percent_branches_covered": 100.0, "percent_branches_covered_display": "100"}, "missing_lines": [156, 157, 159, 160, 161], "excluded_lines": [], "start_line": 153, "executed_branches": [], "missing_branches": []}, "compute_silhouette_score": {"executed_lines": [], "summary": {"covered_lines": 0, "num_statements": 10, "percent_covered": 0.0, "percent_covered_display": "0", "missing_lines": 10, "excluded_lines": 0, "percent_statements_covered": 0.0, "percent_statements_covered_display": "0", "num_branches": 2, "num_partial_branches": 0, "covered_branches": 0, "missing_branches": 2, "percent_branches_covered": 0.0, "percent_branches_covered_display": "0"}, "missing_lines": [167, 168, 169, 171, 172, 173, 174, 175, 176, 177], "excluded_lines": [], "start_line": 164, "executed_branches": [], "missing_branches": [[175, 176], [175, 177]]}, "compute_ari": {"executed_lines": [], "summary": {"covered_lines": 0, "num_statements": 10, "percent_covered": 0.0, "percent_covered_display": "0", "missing_lines": 10, "excluded_lines": 0, "percent_statements_covered": 0.0, "percent_statements_covered_display": "0", "num_branches": 2, "num_partial_branches": 0, "covered_branches": 0, "missing_branches": 2, "percent_branches_covered": 0.0, "percent_branches_covered_display": "0"}, "missing_lines": [183, 184, 185, 186, 188, 189, 190, 191, 192, 193], "excluded_lines": [], "start_line": 180, "executed_branches": [], "missing_branches": [[183, 184], [183, 185]]}, "compute_nmi": {"executed_lines": [], "summary": {"covered_lines": 0, "num_statements": 10, "percent_covered": 0.0, "percent_covered_display": "0", "missing_lines": 10, "excluded_lines": 0, "percent_statements_covered": 0.0, "percent_statements_covered_display": "0", "num_branches": 2, "num_partial_branches": 0, "covered_branches": 0, "missing_branches": 2, "percent_branches_covered": 0.0, "percent_branches_covered_display": "0"}, "missing_lines": [199, 200, 201, 202, 204, 205, 206, 207, 208, 209], "excluded_lines": [], "start_line": 196, "executed_branches": [], "missing_branches": [[199, 200], [199, 201]]}, "_extract_headers": {"executed_lines": [], "summary": {"covered_lines": 0, "num_statements": 2, "percent_covered": 0.0, "percent_covered_display": "0", "missing_lines": 2, "excluded_lines": 0, "percent_statements_covered": 0.0, "percent_statements_covered_display": "0", "num_branches": 0, "num_partial_branches": 0, "covered_branches": 0, "missing_branches": 0, "percent_branches_covered": 100.0, "percent_branches_covered_display": "100"}, "missing_lines": [228, 229], "excluded_lines": [], "start_line": 227, "executed_branches": [], "missing_branches": []}, "_tokenize": {"executed_lines": [], "summary": {"covered_lines": 0, "num_statements": 1, "percent_covered": 0.0, "percent_covered_display": "0", "missing_lines": 1, "excluded_lines": 0, "percent_statements_covered": 0.0, "percent_statements_covered_display": "0", "num_branches": 0, "num_partial_branches": 0, "covered_branches": 0, "missing_branches": 0, "percent_branches_covered": 100.0, "percent_branches_covered_display": "100"}, "missing_lines": [233], "excluded_lines": [], "start_line": 232, "executed_branches": [], "missing_branches": []}, "compute_section_overlap": {"executed_lines": [], "summary": {"covered_lines": 0, "num_statements": 9, "percent_covered": 0.0, "percent_covered_display": "0", "missing_lines": 9, "excluded_lines": 0, "percent_statements_covered": 0.0, "percent_statements_covered_display": "0", "num_branches": 4, "num_partial_branches": 0, "covered_branches": 0, "missing_branches": 4, "percent_branches_covered": 0.0, "percent_branches_covered_display": "0"}, "missing_lines": [239, 240, 241, 242, 243, 244, 245, 246, 247], "excluded_lines": [], "start_line": 236, "executed_branches": [], "missing_branches": [[241, 242], [241, 243], [245, 246], [245, 247]]}, "compute_token_jaccard": {"executed_lines": [], "summary": {"covered_lines": 0, "num_statements": 9, "percent_covered": 0.0, "percent_covered_display": "0", "missing_lines": 9, "excluded_lines": 0, "percent_statements_covered": 0.0, "percent_statements_covered_display": "0", "num_branches": 4, "num_partial_branches": 0, "covered_branches": 0, "missing_branches": 4, "percent_branches_covered": 0.0, "percent_branches_covered_display": "0"}, "missing_lines": [253, 254, 255, 256, 257, 258, 259, 260, 261], "excluded_lines": [], "start_line": 250, "executed_branches": [], "missing_branches": [[255, 256], [255, 257], [259, 260], [259, 261]]}, "compute_length_ratio": {"executed_lines": [], "summary": {"covered_lines": 0, "num_statements": 7, "percent_covered": 0.0, "percent_covered_display": "0", "missing_lines": 7, "excluded_lines": 0, "percent_statements_covered": 0.0, "percent_statements_covered_display": "0", "num_branches": 4, "num_partial_branches": 0, "covered_branches": 0, "missing_branches": 4, "percent_branches_covered": 0.0, "percent_branches_covered_display": "0"}, "missing_lines": [267, 268, 269, 270, 271, 272, 273], "excluded_lines": [], "start_line": 264, "executed_branches": [], "missing_branches": [[269, 270], [269, 271], [271, 272], [271, 273]]}, "_load_deconvolution_frames": {"executed_lines": [301, 303, 304, 305, 307, 308, 309, 310, 311, 313], "summary": {"covered_lines": 10, "num_statements": 12, "percent_covered": 75.0, "percent_covered_display": "75", "missing_lines": 2, "excluded_lines": 0, "percent_statements_covered": 83.33333333333333, "percent_statements_covered_display": "83", "num_branches": 4, "num_partial_branches": 2, "covered_branches": 2, "missing_branches": 2, "percent_branches_covered": 50.0, "percent_branches_covered_display": "50"}, "missing_lines": [306, 312], "excluded_lines": [], "start_line": 289, "executed_branches": [[305, 307], [311, 313]], "missing_branches": [[305, 306], [311, 312]]}, "_normalize_rows": {"executed_lines": [321, 323, 324], "summary": {"covered_lines": 3, "num_statements": 3, "percent_covered": 100.0, "percent_covered_display": "100", "missing_lines": 0, "excluded_lines": 0, "percent_statements_covered": 100.0, "percent_statements_covered_display": "100", "num_branches": 0, "num_partial_branches": 0, "covered_branches": 0, "missing_branches": 0, "percent_branches_covered": 100.0, "percent_branches_covered_display": "100"}, "missing_lines": [], "excluded_lines": [], "start_line": 319, "executed_branches": [], "missing_branches": []}, "compute_n_spots": {"executed_lines": [330, 332, 333], "summary": {"covered_lines": 3, "num_statements": 3, "percent_covered": 100.0, "percent_covered_display": "100", "missing_lines": 0, "excluded_lines": 0, "percent_statements_covered": 100.0, "percent_statements_covered_display": "100", "num_branches": 0, "num_partial_branches": 0, "covered_branches": 0, "missing_branches": 0, "percent_branches_covered": 100.0, "percent_branches_covered_display": "100"}, "missing_lines": [], "excluded_lines": [], "start_line": 327, "executed_branches": [], "missing_branches": []}, "compute_n_cell_types": {"executed_lines": [339, 341, 342], "summary": {"covered_lines": 3, "num_statements": 3, "percent_covered": 100.0, "percent_covered_display": "100", "missing_lines": 0, "excluded_lines": 0, "percent_statements_covered": 100.0, "percent_statements_covered_display": "100", "num_branches": 0, "num_partial_branches": 0, "covered_branches": 0, "missing_branches": 0, "percent_branches_covered": 100.0, "percent_branches_covered_display": "100"}, "missing_lines": [], "excluded_lines": [], "start_line": 336, "executed_branches": [], "missing_branches": []}, "compute_mean_rmse": {"executed_lines": [348, 350, 351, 353, 354, 355, 356, 357, 358], "summary": {"covered_lines": 9, "num_statements": 10, "percent_covered": 85.71428571428571, "percent_covered_display": "86", "missing_lines": 1, "excluded_lines": 0, "percent_statements_covered": 90.0, "percent_statements_covered_display": "90", "num_branches": 4, "num_partial_branches": 1, "covered_branches": 3, "missing_branches": 1, "percent_branches_covered": 75.0, "percent_branches_covered_display": "75"}, "missing_lines": [352], "excluded_lines": [], "start_line": 345, "executed_branches": [[351, 353], [354, 355], [354, 358]], "missing_branches": [[351, 352]]}, "compute_max_rmse": {"executed_lines": [], "summary": {"covered_lines": 0, "num_statements": 10, "percent_covered": 0.0, "percent_covered_display": "0", "missing_lines": 10, "excluded_lines": 0, "percent_statements_covered": 0.0, "percent_statements_covered_display": "0", "num_branches": 4, "num_partial_branches": 0, "covered_branches": 0, "missing_branches": 4, "percent_branches_covered": 0.0, "percent_branches_covered_display": "0"}, "missing_lines": [364, 366, 367, 368, 369, 370, 371, 372, 373, 374], "excluded_lines": [], "start_line": 361, "executed_branches": [], "missing_branches": [[367, 368], [367, 369], [370, 371], [370, 374]]}, "compute_mean_pearson": {"executed_lines": [], "summary": {"covered_lines": 0, "num_statements": 14, "percent_covered": 0.0, "percent_covered_display": "0", "missing_lines": 14, "excluded_lines": 0, "percent_statements_covered": 0.0, "percent_statements_covered_display": "0", "num_branches": 6, "num_partial_branches": 0, "covered_branches": 0, "missing_branches": 6, "percent_branches_covered": 0.0, "percent_branches_covered_display": "0"}, "missing_lines": [380, 382, 383, 384, 385, 386, 387, 388, 389, 390, 391, 392, 393, 394], "excluded_lines": [], "start_line": 377, "executed_branches": [], "missing_branches": [[383, 384], [383, 385], [386, 387], [386, 393], [391, 386], [391, 392]]}, "compute_min_pearson": {"executed_lines": [400, 402, 403, 405, 406, 407, 408, 409, 410, 411, 412, 413, 414], "summary": {"covered_lines": 13, "num_statements": 14, "percent_covered": 85.0, "percent_covered_display": "85", "missing_lines": 1, "excluded_lines": 0, "percent_statements_covered": 92.85714285714286, "percent_statements_covered_display": "93", "num_branches": 6, "num_partial_branches": 2, "covered_branches": 4, "missing_branches": 2, "percent_branches_covered": 66.66666666666667, "percent_branches_covered_display": "67"}, "missing_lines": [404], "excluded_lines": [], "start_line": 397, "executed_branches": [[403, 405], [406, 407], [406, 413], [411, 412]], "missing_branches": [[403, 404], [411, 406]]}, "compute_mean_jsd": {"executed_lines": [], "summary": {"covered_lines": 0, "num_statements": 13, "percent_covered": 0.0, "percent_covered_display": "0", "missing_lines": 13, "excluded_lines": 0, "percent_statements_covered": 0.0, "percent_statements_covered_display": "0", "num_branches": 6, "num_partial_branches": 0, "covered_branches": 0, "missing_branches": 6, "percent_branches_covered": 0.0, "percent_branches_covered_display": "0"}, "missing_lines": [420, 421, 423, 424, 425, 426, 427, 428, 429, 430, 431, 432, 433], "excluded_lines": [], "start_line": 417, "executed_branches": [], "missing_branches": [[424, 425], [424, 426], [427, 428], [427, 433], [431, 427], [431, 432]]}, "": {"executed_lines": [4, 6, 7, 8, 9, 11, 14, 17, 19, 49, 78, 83, 88, 93, 104, 114, 115, 128, 142, 153, 164, 180, 196, 212, 213, 227, 232, 236, 250, 264, 276, 277, 289, 319, 327, 336, 345, 361, 377, 397, 417, 436, 437], "summary": {"covered_lines": 43, "num_statements": 43, "percent_covered": 100.0, "percent_covered_display": "100", "missing_lines": 0, "excluded_lines": 0, "percent_statements_covered": 100.0, "percent_statements_covered_display": "100", "num_branches": 0, "num_partial_branches": 0, "covered_branches": 0, "missing_branches": 0, "percent_branches_covered": 100.0, "percent_branches_covered_display": "100"}, "missing_lines": [], "excluded_lines": [], "start_line": 1, "executed_branches": [], "missing_branches": []}}, "classes": {"Evaluator": {"executed_lines": [26, 27, 29, 30, 31, 32, 35, 36, 41, 42, 44, 45, 46], "summary": {"covered_lines": 13, "num_statements": 19, "percent_covered": 69.56521739130434, "percent_covered_display": "70", "missing_lines": 6, "excluded_lines": 0, "percent_statements_covered": 68.42105263157895, "percent_statements_covered_display": "68", "num_branches": 4, "num_partial_branches": 1, "covered_branches": 3, "missing_branches": 1, "percent_branches_covered": 75.0, "percent_branches_covered_display": "75"}, "missing_lines": [33, 34, 37, 38, 39, 40], "excluded_lines": [], "start_line": 14, "executed_branches": [[29, 30], [29, 44], [32, 35]], "missing_branches": [[32, 33]]}, "CSVEvaluator": {"executed_lines": [], "summary": {"covered_lines": 0, "num_statements": 0, "percent_covered": 100.0, "percent_covered_display": "100", "missing_lines": 0, "excluded_lines": 0, "percent_statements_covered": 100.0, "percent_statements_covered_display": "100", "num_branches": 0, "num_partial_branches": 0, "covered_branches": 0, "missing_branches": 0, "percent_branches_covered": 100.0, "percent_branches_covered_display": "100"}, "missing_lines": [], "excluded_lines": [], "start_line": 114, "executed_branches": [], "missing_branches": []}, "AnnDataEvaluator": {"executed_lines": [], "summary": {"covered_lines": 0, "num_statements": 0, "percent_covered": 100.0, "percent_covered_display": "100", "missing_lines": 0, "excluded_lines": 0, "percent_statements_covered": 100.0, "percent_statements_covered_display": "100", "num_branches": 0, "num_partial_branches": 0, "covered_branches": 0, "missing_branches": 0, "percent_branches_covered": 100.0, "percent_branches_covered_display": "100"}, "missing_lines": [], "excluded_lines": [], "start_line": 212, "executed_branches": [], "missing_branches": []}, "MarkdownEvaluator": {"executed_lines": [], "summary": {"covered_lines": 0, "num_statements": 0, "percent_covered": 100.0, "percent_covered_display": "100", "missing_lines": 0, "excluded_lines": 0, "percent_statements_covered": 100.0, "percent_statements_covered_display": "100", "num_branches": 0, "num_partial_branches": 0, "covered_branches": 0, "missing_branches": 0, "percent_branches_covered": 100.0, "percent_branches_covered_display": "100"}, "missing_lines": [], "excluded_lines": [], "start_line": 276, "executed_branches": [], "missing_branches": []}, "DeconvolutionEvaluator": {"executed_lines": [], "summary": {"covered_lines": 0, "num_statements": 0, "percent_covered": 100.0, "percent_covered_display": "100", "missing_lines": 0, "excluded_lines": 0, "percent_statements_covered": 100.0, "percent_statements_covered_display": "100", "num_branches": 0, "num_partial_branches": 0, "covered_branches": 0, "missing_branches": 0, "percent_branches_covered": 100.0, "percent_branches_covered_display": "100"}, "missing_lines": [], "excluded_lines": [], "start_line": 436, "executed_branches": [], "missing_branches": []}, "": {"executed_lines": [4, 6, 7, 8, 9, 11, 14, 17, 19, 49, 51, 52, 53, 55, 56, 57, 58, 78, 79, 80, 83, 84, 85, 88, 93, 104, 114, 115, 128, 135, 142, 153, 164, 180, 196, 212, 213, 227, 232, 236, 250, 264, 276, 277, 289, 301, 303, 304, 305, 307, 308, 309, 310, 311, 313, 319, 321, 323, 324, 327, 330, 332, 333, 336, 339, 341, 342, 345, 348, 350, 351, 353, 354, 355, 356, 357, 358, 361, 377, 397, 400, 402, 403, 405, 406, 407, 408, 409, 410, 411, 412, 413, 414, 417, 436, 437], "summary": {"covered_lines": 96, "num_statements": 225, "percent_covered": 37.63066202090592, "percent_covered_display": "38", "missing_lines": 129, "excluded_lines": 0, "percent_statements_covered": 42.666666666666664, "percent_statements_covered_display": "43", "num_branches": 62, "num_partial_branches": 6, "covered_branches": 12, "missing_branches": 50, "percent_branches_covered": 19.35483870967742, "percent_branches_covered_display": "19"}, "missing_lines": [59, 60, 61, 67, 68, 69, 70, 89, 90, 96, 97, 98, 99, 100, 101, 107, 108, 109, 110, 111, 145, 146, 148, 149, 150, 156, 157, 159, 160, 161, 167, 168, 169, 171, 172, 173, 174, 175, 176, 177, 183, 184, 185, 186, 188, 189, 190, 191, 192, 193, 199, 200, 201, 202, 204, 205, 206, 207, 208, 209, 228, 229, 233, 239, 240, 241, 242, 243, 244, 245, 246, 247, 253, 254, 255, 256, 257, 258, 259, 260, 261, 267, 268, 269, 270, 271, 272, 273, 306, 312, 352, 364, 366, 367, 368, 369, 370, 371, 372, 373, 374, 380, 382, 383, 384, 385, 386, 387, 388, 389, 390, 391, 392, 393, 394, 404, 420, 421, 423, 424, 425, 426, 427, 428, 429, 430, 431, 432, 433], "excluded_lines": [], "start_line": 1, "executed_branches": [[55, 56], [55, 57], [57, 58], [305, 307], [311, 313], [351, 353], [354, 355], [354, 358], [403, 405], [406, 407], [406, 413], [411, 412]], "missing_branches": [[57, 59], [59, 60], [59, 61], [61, 67], [61, 68], [68, 69], [68, 70], [97, 98], [97, 99], [107, 108], [107, 109], [175, 176], [175, 177], [183, 184], [183, 185], [199, 200], [199, 201], [241, 242], [241, 243], [245, 246], [245, 247], [255, 256], [255, 257], [259, 260], [259, 261], [269, 270], [269, 271], [271, 272], [271, 273], [305, 306], [311, 312], [351, 352], [367, 368], [367, 369], [370, 371], [370, 374], [383, 384], [383, 385], [386, 387], [386, 393], [391, 386], [391, 392], [403, 404], [411, 406], [424, 425], [424, 426], [427, 428], [427, 433], [431, 427], [431, 432]]}}}, "skillprism/benchmark/executors.py": {"executed_lines": [4, 6, 7, 8, 9, 10, 12, 13, 16, 19, 29, 37, 44, 47, 48, 49, 53, 55, 56, 57, 60, 61, 65, 67, 70, 79, 80, 82, 89, 90, 91, 92, 94, 95, 97, 104, 113, 114, 118, 126, 131, 135, 138, 140, 142, 143, 145], "summary": {"covered_lines": 47, "num_statements": 58, "percent_covered": 73.6842105263158, "percent_covered_display": "74", "missing_lines": 11, "excluded_lines": 0, "percent_statements_covered": 81.03448275862068, "percent_statements_covered_display": "81", "num_branches": 18, "num_partial_branches": 7, "covered_branches": 9, "missing_branches": 9, "percent_branches_covered": 50.0, "percent_branches_covered_display": "50"}, "missing_lines": [26, 45, 58, 59, 66, 96, 115, 116, 127, 132, 144], "excluded_lines": [], "executed_branches": [[44, 47], [60, 61], [60, 65], [65, 67], [95, 97], [114, 118], [126, 131], [131, 135], [143, 145]], "missing_branches": [[44, 45], [65, 66], [95, 96], [114, 115], [115, 114], [115, 116], [126, 127], [131, 132], [143, 144]], "functions": {"Executor.execute": {"executed_lines": [], "summary": {"covered_lines": 0, "num_statements": 1, "percent_covered": 0.0, "percent_covered_display": "0", "missing_lines": 1, "excluded_lines": 0, "percent_statements_covered": 0.0, "percent_statements_covered_display": "0", "num_branches": 0, "num_partial_branches": 0, "covered_branches": 0, "missing_branches": 0, "percent_branches_covered": 100.0, "percent_branches_covered_display": "100"}, "missing_lines": [26], "excluded_lines": [], "start_line": 19, "executed_branches": [], "missing_branches": []}, "CodeExecutor.execute": {"executed_lines": [44, 47, 48, 49, 53, 55, 56, 57, 60, 61, 65, 67], "summary": {"covered_lines": 12, "num_statements": 16, "percent_covered": 72.72727272727273, "percent_covered_display": "73", "missing_lines": 4, "excluded_lines": 0, "percent_statements_covered": 75.0, "percent_statements_covered_display": "75", "num_branches": 6, "num_partial_branches": 2, "covered_branches": 4, "missing_branches": 2, "percent_branches_covered": 66.66666666666667, "percent_branches_covered_display": "67"}, "missing_lines": [45, 58, 59, 66], "excluded_lines": [], "start_line": 37, "executed_branches": [[44, 47], [60, 61], [60, 65], [65, 67]], "missing_branches": [[44, 45], [65, 66]]}, "AgentExecutor.__init__": {"executed_lines": [80], "summary": {"covered_lines": 1, "num_statements": 1, "percent_covered": 100.0, "percent_covered_display": "100", "missing_lines": 0, "excluded_lines": 0, "percent_statements_covered": 100.0, "percent_statements_covered_display": "100", "num_branches": 0, "num_partial_branches": 0, "covered_branches": 0, "missing_branches": 0, "percent_branches_covered": 100.0, "percent_branches_covered_display": "100"}, "missing_lines": [], "excluded_lines": [], "start_line": 79, "executed_branches": [], "missing_branches": []}, "AgentExecutor.execute": {"executed_lines": [89, 90, 91, 92, 94, 95, 97, 104, 113, 114, 118, 126, 131, 135], "summary": {"covered_lines": 14, "num_statements": 19, "percent_covered": 62.06896551724138, "percent_covered_display": "62", "missing_lines": 5, "excluded_lines": 0, "percent_statements_covered": 73.6842105263158, "percent_statements_covered_display": "74", "num_branches": 10, "num_partial_branches": 4, "covered_branches": 4, "missing_branches": 6, "percent_branches_covered": 40.0, "percent_branches_covered_display": "40"}, "missing_lines": [96, 115, 116, 127, 132], "excluded_lines": [], "start_line": 82, "executed_branches": [[95, 97], [114, 118], [126, 131], [131, 135]], "missing_branches": [[95, 96], [114, 115], [115, 114], [115, 116], [126, 127], [131, 132]]}, "_extract_placeholder": {"executed_lines": [140, 142, 143, 145], "summary": {"covered_lines": 4, "num_statements": 5, "percent_covered": 71.42857142857143, "percent_covered_display": "71", "missing_lines": 1, "excluded_lines": 0, "percent_statements_covered": 80.0, "percent_statements_covered_display": "80", "num_branches": 2, "num_partial_branches": 1, "covered_branches": 1, "missing_branches": 1, "percent_branches_covered": 50.0, "percent_branches_covered_display": "50"}, "missing_lines": [144], "excluded_lines": [], "start_line": 138, "executed_branches": [[143, 145]], "missing_branches": [[143, 144]]}, "": {"executed_lines": [4, 6, 7, 8, 9, 10, 12, 13, 16, 19, 29, 37, 70, 79, 82, 138], "summary": {"covered_lines": 16, "num_statements": 16, "percent_covered": 100.0, "percent_covered_display": "100", "missing_lines": 0, "excluded_lines": 0, "percent_statements_covered": 100.0, "percent_statements_covered_display": "100", "num_branches": 0, "num_partial_branches": 0, "covered_branches": 0, "missing_branches": 0, "percent_branches_covered": 100.0, "percent_branches_covered_display": "100"}, "missing_lines": [], "excluded_lines": [], "start_line": 1, "executed_branches": [], "missing_branches": []}}, "classes": {"Executor": {"executed_lines": [], "summary": {"covered_lines": 0, "num_statements": 1, "percent_covered": 0.0, "percent_covered_display": "0", "missing_lines": 1, "excluded_lines": 0, "percent_statements_covered": 0.0, "percent_statements_covered_display": "0", "num_branches": 0, "num_partial_branches": 0, "covered_branches": 0, "missing_branches": 0, "percent_branches_covered": 100.0, "percent_branches_covered_display": "100"}, "missing_lines": [26], "excluded_lines": [], "start_line": 16, "executed_branches": [], "missing_branches": []}, "CodeExecutor": {"executed_lines": [44, 47, 48, 49, 53, 55, 56, 57, 60, 61, 65, 67], "summary": {"covered_lines": 12, "num_statements": 16, "percent_covered": 72.72727272727273, "percent_covered_display": "73", "missing_lines": 4, "excluded_lines": 0, "percent_statements_covered": 75.0, "percent_statements_covered_display": "75", "num_branches": 6, "num_partial_branches": 2, "covered_branches": 4, "missing_branches": 2, "percent_branches_covered": 66.66666666666667, "percent_branches_covered_display": "67"}, "missing_lines": [45, 58, 59, 66], "excluded_lines": [], "start_line": 29, "executed_branches": [[44, 47], [60, 61], [60, 65], [65, 67]], "missing_branches": [[44, 45], [65, 66]]}, "AgentExecutor": {"executed_lines": [80, 89, 90, 91, 92, 94, 95, 97, 104, 113, 114, 118, 126, 131, 135], "summary": {"covered_lines": 15, "num_statements": 20, "percent_covered": 63.333333333333336, "percent_covered_display": "63", "missing_lines": 5, "excluded_lines": 0, "percent_statements_covered": 75.0, "percent_statements_covered_display": "75", "num_branches": 10, "num_partial_branches": 4, "covered_branches": 4, "missing_branches": 6, "percent_branches_covered": 40.0, "percent_branches_covered_display": "40"}, "missing_lines": [96, 115, 116, 127, 132], "excluded_lines": [], "start_line": 70, "executed_branches": [[95, 97], [114, 118], [126, 131], [131, 135]], "missing_branches": [[95, 96], [114, 115], [115, 114], [115, 116], [126, 127], [131, 132]]}, "": {"executed_lines": [4, 6, 7, 8, 9, 10, 12, 13, 16, 19, 29, 37, 70, 79, 82, 138, 140, 142, 143, 145], "summary": {"covered_lines": 20, "num_statements": 21, "percent_covered": 91.30434782608695, "percent_covered_display": "91", "missing_lines": 1, "excluded_lines": 0, "percent_statements_covered": 95.23809523809524, "percent_statements_covered_display": "95", "num_branches": 2, "num_partial_branches": 1, "covered_branches": 1, "missing_branches": 1, "percent_branches_covered": 50.0, "percent_branches_covered_display": "50"}, "missing_lines": [144], "excluded_lines": [], "start_line": 1, "executed_branches": [[143, 145]], "missing_branches": [[143, 144]]}}}, "skillprism/benchmark/metrics.py": {"executed_lines": [4, 6, 7, 8, 11, 15, 16, 17, 18, 19, 20, 21, 22, 23, 24, 25, 26, 27, 28, 29, 32, 79, 98, 99, 101, 102, 103, 105, 110, 111, 113, 114, 116, 117, 119, 120, 121, 122, 124, 125, 126, 127, 128, 129, 130, 131, 133, 134, 135, 136, 139, 140, 142, 143, 144, 145, 146, 147, 148, 149, 151, 152, 154, 155, 156, 157, 158, 159, 161, 162, 163, 167, 168, 169, 170, 171, 174, 175, 178, 179, 180, 182, 185, 197, 199, 200, 201, 202, 204, 205, 207, 213, 214, 215, 216, 217, 218, 219, 221, 222, 223, 224, 225, 226, 228, 229, 230, 232, 243, 250, 253, 270, 272, 273, 276, 278, 281, 299, 304, 305, 310, 311, 314, 319, 320, 329, 330, 333, 348, 349, 350, 351, 353, 354, 357, 358, 359, 360, 361, 363, 366, 367, 368, 369, 370, 372, 375, 376, 378, 381, 383, 393, 394, 395, 398, 402, 403, 404, 407, 412, 413, 414, 415, 416, 417, 418, 419, 420, 421, 423, 424, 426], "summary": {"covered_lines": 172, "num_statements": 247, "percent_covered": 68.58789625360231, "percent_covered_display": "69", "missing_lines": 75, "excluded_lines": 0, "percent_statements_covered": 69.63562753036437, "percent_statements_covered_display": "70", "num_branches": 100, "num_partial_branches": 12, "covered_branches": 66, "missing_branches": 34, "percent_branches_covered": 66.0, "percent_branches_covered_display": "66"}, "missing_lines": [38, 39, 40, 42, 43, 44, 45, 47, 48, 49, 50, 52, 56, 57, 59, 60, 61, 62, 63, 65, 66, 67, 68, 69, 70, 71, 72, 73, 74, 76, 138, 164, 165, 172, 173, 176, 177, 233, 234, 235, 236, 237, 238, 239, 240, 241, 259, 260, 261, 262, 264, 265, 266, 267, 286, 287, 288, 289, 290, 291, 293, 294, 295, 296, 307, 308, 309, 322, 328, 384, 385, 386, 388, 396, 405], "excluded_lines": [], "executed_branches": [[15, 16], [15, 17], [18, 19], [18, 20], [20, 21], [20, 22], [22, 23], [22, 24], [24, 25], [24, 27], [27, 28], [27, 29], [110, 111], [110, 167], [116, 117], [116, 119], [126, 127], [126, 142], [135, 136], [142, 143], [145, 146], [147, 148], [155, 156], [155, 162], [159, 161], [162, 163], [167, 168], [167, 182], [169, 170], [169, 179], [171, 174], [175, 178], [214, 215], [214, 221], [215, 214], [215, 216], [221, 222], [221, 228], [222, 221], [222, 223], [228, 229], [228, 232], [232, 243], [350, 351], [350, 353], [359, 360], [359, 363], [368, 369], [368, 372], [375, 376], [375, 378], [383, 393], [393, 394], [393, 402], [395, 398], [402, 403], [402, 412], [404, 407], [412, 413], [412, 423], [414, 415], [414, 420], [416, 417], [416, 419], [423, 424], [423, 426]], "missing_branches": [[49, 50], [49, 52], [56, 57], [56, 59], [59, 60], [59, 65], [65, 66], [65, 76], [67, 68], [67, 73], [69, 70], [69, 72], [135, 138], [142, 145], [145, 151], [147, 151], [159, 155], [162, 167], [171, 172], [175, 176], [232, 233], [234, 235], [234, 240], [236, 237], [236, 239], [259, 260], [259, 261], [287, 288], [287, 289], [383, 384], [385, 386], [385, 388], [395, 396], [404, 405]], "functions": {"metric_passes": {"executed_lines": [15, 16, 17, 18, 19, 20, 21, 22, 23, 24, 25, 26, 27, 28, 29], "summary": {"covered_lines": 15, "num_statements": 15, "percent_covered": 100.0, "percent_covered_display": "100", "missing_lines": 0, "excluded_lines": 0, "percent_statements_covered": 100.0, "percent_statements_covered_display": "100", "num_branches": 12, "num_partial_branches": 0, "covered_branches": 12, "missing_branches": 0, "percent_branches_covered": 100.0, "percent_branches_covered_display": "100"}, "missing_lines": [], "excluded_lines": [], "start_line": 11, "executed_branches": [[15, 16], [15, 17], [18, 19], [18, 20], [20, 21], [20, 22], [22, 23], [22, 24], [24, 25], [24, 27], [27, 28], [27, 29]], "missing_branches": []}, "evaluate_clustering": {"executed_lines": [], "summary": {"covered_lines": 0, "num_statements": 30, "percent_covered": 0.0, "percent_covered_display": "0", "missing_lines": 30, "excluded_lines": 0, "percent_statements_covered": 0.0, "percent_statements_covered_display": "0", "num_branches": 12, "num_partial_branches": 0, "covered_branches": 0, "missing_branches": 12, "percent_branches_covered": 0.0, "percent_branches_covered_display": "0"}, "missing_lines": [38, 39, 40, 42, 43, 44, 45, 47, 48, 49, 50, 52, 56, 57, 59, 60, 61, 62, 63, 65, 66, 67, 68, 69, 70, 71, 72, 73, 74, 76], "excluded_lines": [], "start_line": 32, "executed_branches": [], "missing_branches": [[49, 50], [49, 52], [56, 57], [56, 59], [59, 60], [59, 65], [65, 66], [65, 76], [67, 68], [67, 73], [69, 70], [69, 72]]}, "evaluate_deconvolution": {"executed_lines": [98, 99, 101, 102, 103, 105, 110, 111, 113, 114, 116, 117, 119, 120, 121, 122, 124, 125, 126, 127, 128, 129, 130, 131, 133, 134, 135, 136, 139, 140, 142, 143, 144, 145, 146, 147, 148, 149, 151, 152, 154, 155, 156, 157, 158, 159, 161, 162, 163, 167, 168, 169, 170, 171, 174, 175, 178, 179, 180, 182], "summary": {"covered_lines": 60, "num_statements": 67, "percent_covered": 84.21052631578948, "percent_covered_display": "84", "missing_lines": 7, "excluded_lines": 0, "percent_statements_covered": 89.55223880597015, "percent_statements_covered_display": "90", "num_branches": 28, "num_partial_branches": 8, "covered_branches": 20, "missing_branches": 8, "percent_branches_covered": 71.42857142857143, "percent_branches_covered_display": "71"}, "missing_lines": [138, 164, 165, 172, 173, 176, 177], "excluded_lines": [], "start_line": 79, "executed_branches": [[110, 111], [110, 167], [116, 117], [116, 119], [126, 127], [126, 142], [135, 136], [142, 143], [145, 146], [147, 148], [155, 156], [155, 162], [159, 161], [162, 163], [167, 168], [167, 182], [169, 170], [169, 179], [171, 174], [175, 178]], "missing_branches": [[135, 138], [142, 145], [145, 151], [147, 151], [159, 155], [162, 167], [171, 172], [175, 176]]}, "evaluate_table": {"executed_lines": [197, 199, 204, 205, 207, 213, 214, 215, 216, 217, 218, 219, 221, 222, 223, 224, 225, 226, 228, 229, 230, 232, 243], "summary": {"covered_lines": 23, "num_statements": 32, "percent_covered": 70.83333333333333, "percent_covered_display": "71", "missing_lines": 9, "excluded_lines": 0, "percent_statements_covered": 71.875, "percent_statements_covered_display": "72", "num_branches": 16, "num_partial_branches": 1, "covered_branches": 11, "missing_branches": 5, "percent_branches_covered": 68.75, "percent_branches_covered_display": "69"}, "missing_lines": [233, 234, 235, 236, 237, 238, 239, 240, 241], "excluded_lines": [], "start_line": 185, "executed_branches": [[214, 215], [214, 221], [215, 214], [215, 216], [221, 222], [221, 228], [222, 221], [222, 223], [228, 229], [228, 232], [232, 243]], "missing_branches": [[232, 233], [234, 235], [234, 240], [236, 237], [236, 239]]}, "evaluate_table.read_rows": {"executed_lines": [200, 201, 202], "summary": {"covered_lines": 3, "num_statements": 3, "percent_covered": 100.0, "percent_covered_display": "100", "missing_lines": 0, "excluded_lines": 0, "percent_statements_covered": 100.0, "percent_statements_covered_display": "100", "num_branches": 0, "num_partial_branches": 0, "covered_branches": 0, "missing_branches": 0, "percent_branches_covered": 100.0, "percent_branches_covered_display": "100"}, "missing_lines": [], "excluded_lines": [], "start_line": 199, "executed_branches": [], "missing_branches": []}, "_load_sentence_model": {"executed_lines": [], "summary": {"covered_lines": 0, "num_statements": 8, "percent_covered": 0.0, "percent_covered_display": "0", "missing_lines": 8, "excluded_lines": 0, "percent_statements_covered": 0.0, "percent_statements_covered_display": "0", "num_branches": 2, "num_partial_branches": 0, "covered_branches": 0, "missing_branches": 2, "percent_branches_covered": 0.0, "percent_branches_covered_display": "0"}, "missing_lines": [259, 260, 261, 262, 264, 265, 266, 267], "excluded_lines": [], "start_line": 253, "executed_branches": [], "missing_branches": [[259, 260], [259, 261]]}, "_extract_headers": {"executed_lines": [272, 273], "summary": {"covered_lines": 2, "num_statements": 2, "percent_covered": 100.0, "percent_covered_display": "100", "missing_lines": 0, "excluded_lines": 0, "percent_statements_covered": 100.0, "percent_statements_covered_display": "100", "num_branches": 0, "num_partial_branches": 0, "covered_branches": 0, "missing_branches": 0, "percent_branches_covered": 100.0, "percent_branches_covered_display": "100"}, "missing_lines": [], "excluded_lines": [], "start_line": 270, "executed_branches": [], "missing_branches": []}, "_tokenize": {"executed_lines": [278], "summary": {"covered_lines": 1, "num_statements": 1, "percent_covered": 100.0, "percent_covered_display": "100", "missing_lines": 0, "excluded_lines": 0, "percent_statements_covered": 100.0, "percent_statements_covered_display": "100", "num_branches": 0, "num_partial_branches": 0, "covered_branches": 0, "missing_branches": 0, "percent_branches_covered": 100.0, "percent_branches_covered_display": "100"}, "missing_lines": [], "excluded_lines": [], "start_line": 276, "executed_branches": [], "missing_branches": []}, "_semantic_similarity": {"executed_lines": [], "summary": {"covered_lines": 0, "num_statements": 10, "percent_covered": 0.0, "percent_covered_display": "0", "missing_lines": 10, "excluded_lines": 0, "percent_statements_covered": 0.0, "percent_statements_covered_display": "0", "num_branches": 2, "num_partial_branches": 0, "covered_branches": 0, "missing_branches": 2, "percent_branches_covered": 0.0, "percent_branches_covered_display": "0"}, "missing_lines": [286, 287, 288, 289, 290, 291, 293, 294, 295, 296], "excluded_lines": [], "start_line": 281, "executed_branches": [], "missing_branches": [[287, 288], [287, 289]]}, "_rouge_l": {"executed_lines": [304, 305, 310, 311], "summary": {"covered_lines": 4, "num_statements": 7, "percent_covered": 57.142857142857146, "percent_covered_display": "57", "missing_lines": 3, "excluded_lines": 0, "percent_statements_covered": 57.142857142857146, "percent_statements_covered_display": "57", "num_branches": 0, "num_partial_branches": 0, "covered_branches": 0, "missing_branches": 0, "percent_branches_covered": 100.0, "percent_branches_covered_display": "100"}, "missing_lines": [307, 308, 309], "excluded_lines": [], "start_line": 299, "executed_branches": [], "missing_branches": []}, "_bert_score_f1": {"executed_lines": [319, 320, 329, 330], "summary": {"covered_lines": 4, "num_statements": 6, "percent_covered": 66.66666666666667, "percent_covered_display": "67", "missing_lines": 2, "excluded_lines": 0, "percent_statements_covered": 66.66666666666667, "percent_statements_covered_display": "67", "num_branches": 0, "num_partial_branches": 0, "covered_branches": 0, "missing_branches": 0, "percent_branches_covered": 100.0, "percent_branches_covered_display": "100"}, "missing_lines": [322, 328], "excluded_lines": [], "start_line": 314, "executed_branches": [], "missing_branches": []}, "evaluate_document": {"executed_lines": [348, 349, 350, 351, 353, 354, 357, 358, 359, 360, 361, 363, 366, 367, 368, 369, 370, 372, 375, 376, 378, 381, 383, 393, 394, 395, 398, 402, 403, 404, 407, 412, 413, 414, 415, 416, 417, 418, 419, 420, 421, 423, 424, 426], "summary": {"covered_lines": 44, "num_statements": 50, "percent_covered": 85.8974358974359, "percent_covered_display": "86", "missing_lines": 6, "excluded_lines": 0, "percent_statements_covered": 88.0, "percent_statements_covered_display": "88", "num_branches": 28, "num_partial_branches": 3, "covered_branches": 23, "missing_branches": 5, "percent_branches_covered": 82.14285714285714, "percent_branches_covered_display": "82"}, "missing_lines": [384, 385, 386, 388, 396, 405], "excluded_lines": [], "start_line": 333, "executed_branches": [[350, 351], [350, 353], [359, 360], [359, 363], [368, 369], [368, 372], [375, 376], [375, 378], [383, 393], [393, 394], [393, 402], [395, 398], [402, 403], [402, 412], [404, 407], [412, 413], [412, 423], [414, 415], [414, 420], [416, 417], [416, 419], [423, 424], [423, 426]], "missing_branches": [[383, 384], [385, 386], [385, 388], [395, 396], [404, 405]]}, "": {"executed_lines": [4, 6, 7, 8, 11, 32, 79, 185, 250, 253, 270, 276, 281, 299, 314, 333], "summary": {"covered_lines": 16, "num_statements": 16, "percent_covered": 100.0, "percent_covered_display": "100", "missing_lines": 0, "excluded_lines": 0, "percent_statements_covered": 100.0, "percent_statements_covered_display": "100", "num_branches": 0, "num_partial_branches": 0, "covered_branches": 0, "missing_branches": 0, "percent_branches_covered": 100.0, "percent_branches_covered_display": "100"}, "missing_lines": [], "excluded_lines": [], "start_line": 1, "executed_branches": [], "missing_branches": []}}, "classes": {"": {"executed_lines": [4, 6, 7, 8, 11, 15, 16, 17, 18, 19, 20, 21, 22, 23, 24, 25, 26, 27, 28, 29, 32, 79, 98, 99, 101, 102, 103, 105, 110, 111, 113, 114, 116, 117, 119, 120, 121, 122, 124, 125, 126, 127, 128, 129, 130, 131, 133, 134, 135, 136, 139, 140, 142, 143, 144, 145, 146, 147, 148, 149, 151, 152, 154, 155, 156, 157, 158, 159, 161, 162, 163, 167, 168, 169, 170, 171, 174, 175, 178, 179, 180, 182, 185, 197, 199, 200, 201, 202, 204, 205, 207, 213, 214, 215, 216, 217, 218, 219, 221, 222, 223, 224, 225, 226, 228, 229, 230, 232, 243, 250, 253, 270, 272, 273, 276, 278, 281, 299, 304, 305, 310, 311, 314, 319, 320, 329, 330, 333, 348, 349, 350, 351, 353, 354, 357, 358, 359, 360, 361, 363, 366, 367, 368, 369, 370, 372, 375, 376, 378, 381, 383, 393, 394, 395, 398, 402, 403, 404, 407, 412, 413, 414, 415, 416, 417, 418, 419, 420, 421, 423, 424, 426], "summary": {"covered_lines": 172, "num_statements": 247, "percent_covered": 68.58789625360231, "percent_covered_display": "69", "missing_lines": 75, "excluded_lines": 0, "percent_statements_covered": 69.63562753036437, "percent_statements_covered_display": "70", "num_branches": 100, "num_partial_branches": 12, "covered_branches": 66, "missing_branches": 34, "percent_branches_covered": 66.0, "percent_branches_covered_display": "66"}, "missing_lines": [38, 39, 40, 42, 43, 44, 45, 47, 48, 49, 50, 52, 56, 57, 59, 60, 61, 62, 63, 65, 66, 67, 68, 69, 70, 71, 72, 73, 74, 76, 138, 164, 165, 172, 173, 176, 177, 233, 234, 235, 236, 237, 238, 239, 240, 241, 259, 260, 261, 262, 264, 265, 266, 267, 286, 287, 288, 289, 290, 291, 293, 294, 295, 296, 307, 308, 309, 322, 328, 384, 385, 386, 388, 396, 405], "excluded_lines": [], "start_line": 1, "executed_branches": [[15, 16], [15, 17], [18, 19], [18, 20], [20, 21], [20, 22], [22, 23], [22, 24], [24, 25], [24, 27], [27, 28], [27, 29], [110, 111], [110, 167], [116, 117], [116, 119], [126, 127], [126, 142], [135, 136], [142, 143], [145, 146], [147, 148], [155, 156], [155, 162], [159, 161], [162, 163], [167, 168], [167, 182], [169, 170], [169, 179], [171, 174], [175, 178], [214, 215], [214, 221], [215, 214], [215, 216], [221, 222], [221, 228], [222, 221], [222, 223], [228, 229], [228, 232], [232, 243], [350, 351], [350, 353], [359, 360], [359, 363], [368, 369], [368, 372], [375, 376], [375, 378], [383, 393], [393, 394], [393, 402], [395, 398], [402, 403], [402, 412], [404, 407], [412, 413], [412, 423], [414, 415], [414, 420], [416, 417], [416, 419], [423, 424], [423, 426]], "missing_branches": [[49, 50], [49, 52], [56, 57], [56, 59], [59, 60], [59, 65], [65, 66], [65, 76], [67, 68], [67, 73], [69, 70], [69, 72], [135, 138], [142, 145], [145, 151], [147, 151], [159, 155], [162, 167], [171, 172], [175, 176], [232, 233], [234, 235], [234, 240], [236, 237], [236, 239], [259, 260], [259, 261], [287, 288], [287, 289], [383, 384], [385, 386], [385, 388], [395, 396], [404, 405]]}}}, "skillprism/benchmark/mock_data.py": {"executed_lines": [], "summary": {"covered_lines": 0, "num_statements": 3, "percent_covered": 0.0, "percent_covered_display": "0", "missing_lines": 3, "excluded_lines": 0, "percent_statements_covered": 0.0, "percent_statements_covered_display": "0", "num_branches": 0, "num_partial_branches": 0, "covered_branches": 0, "missing_branches": 0, "percent_branches_covered": 100.0, "percent_branches_covered_display": "100"}, "missing_lines": [9, 11, 18], "excluded_lines": [], "executed_branches": [], "missing_branches": [], "functions": {"": {"executed_lines": [], "summary": {"covered_lines": 0, "num_statements": 3, "percent_covered": 0.0, "percent_covered_display": "0", "missing_lines": 3, "excluded_lines": 0, "percent_statements_covered": 0.0, "percent_statements_covered_display": "0", "num_branches": 0, "num_partial_branches": 0, "covered_branches": 0, "missing_branches": 0, "percent_branches_covered": 100.0, "percent_branches_covered_display": "100"}, "missing_lines": [9, 11, 18], "excluded_lines": [], "start_line": 1, "executed_branches": [], "missing_branches": []}}, "classes": {"": {"executed_lines": [], "summary": {"covered_lines": 0, "num_statements": 3, "percent_covered": 0.0, "percent_covered_display": "0", "missing_lines": 3, "excluded_lines": 0, "percent_statements_covered": 0.0, "percent_statements_covered_display": "0", "num_branches": 0, "num_partial_branches": 0, "covered_branches": 0, "missing_branches": 0, "percent_branches_covered": 100.0, "percent_branches_covered_display": "100"}, "missing_lines": [9, 11, 18], "excluded_lines": [], "start_line": 1, "executed_branches": [], "missing_branches": []}}}, "skillprism/benchmark/plugins.py": {"executed_lines": [27, 29, 30, 31, 32, 33, 35, 40, 43, 45, 48, 50, 53, 58, 64, 66, 69, 71, 72, 74, 82, 91, 100, 102, 103, 127], "summary": {"covered_lines": 26, "num_statements": 63, "percent_covered": 35.80246913580247, "percent_covered_display": "36", "missing_lines": 37, "excluded_lines": 1, "percent_statements_covered": 41.26984126984127, "percent_statements_covered_display": "41", "num_branches": 18, "num_partial_branches": 3, "covered_branches": 3, "missing_branches": 15, "percent_branches_covered": 16.666666666666668, "percent_branches_covered_display": "17"}, "missing_lines": [55, 60, 61, 76, 77, 78, 79, 80, 83, 84, 85, 86, 88, 93, 94, 95, 96, 97, 104, 105, 106, 107, 109, 110, 111, 112, 113, 114, 115, 116, 117, 118, 119, 120, 121, 122, 123], "excluded_lines": [2], "executed_branches": [[71, 72], [82, -69], [103, -100]], "missing_branches": [[71, 76], [82, 83], [93, 94], [93, 97], [103, 104], [104, 105], [104, 113], [107, 103], [107, 109], [113, 103], [113, 114], [116, 117], [116, 118], [120, 103], [120, 121]], "functions": {"register": {"executed_lines": [45], "summary": {"covered_lines": 1, "num_statements": 1, "percent_covered": 100.0, "percent_covered_display": "100", "missing_lines": 0, "excluded_lines": 0, "percent_statements_covered": 100.0, "percent_statements_covered_display": "100", "num_branches": 0, "num_partial_branches": 0, "covered_branches": 0, "missing_branches": 0, "percent_branches_covered": 100.0, "percent_branches_covered_display": "100"}, "missing_lines": [], "excluded_lines": [], "start_line": 43, "executed_branches": [], "missing_branches": []}, "unregister": {"executed_lines": [50], "summary": {"covered_lines": 1, "num_statements": 1, "percent_covered": 100.0, "percent_covered_display": "100", "missing_lines": 0, "excluded_lines": 0, "percent_statements_covered": 100.0, "percent_statements_covered_display": "100", "num_branches": 0, "num_partial_branches": 0, "covered_branches": 0, "missing_branches": 0, "percent_branches_covered": 100.0, "percent_branches_covered_display": "100"}, "missing_lines": [], "excluded_lines": [], "start_line": 48, "executed_branches": [], "missing_branches": []}, "clear": {"executed_lines": [], "summary": {"covered_lines": 0, "num_statements": 1, "percent_covered": 0.0, "percent_covered_display": "0", "missing_lines": 1, "excluded_lines": 0, "percent_statements_covered": 0.0, "percent_statements_covered_display": "0", "num_branches": 0, "num_partial_branches": 0, "covered_branches": 0, "missing_branches": 0, "percent_branches_covered": 100.0, "percent_branches_covered_display": "100"}, "missing_lines": [55], "excluded_lines": [], "start_line": 53, "executed_branches": [], "missing_branches": []}, "list_tasks": {"executed_lines": [], "summary": {"covered_lines": 0, "num_statements": 2, "percent_covered": 0.0, "percent_covered_display": "0", "missing_lines": 2, "excluded_lines": 0, "percent_statements_covered": 0.0, "percent_statements_covered_display": "0", "num_branches": 0, "num_partial_branches": 0, "covered_branches": 0, "missing_branches": 0, "percent_branches_covered": 100.0, "percent_branches_covered_display": "100"}, "missing_lines": [60, 61], "excluded_lines": [], "start_line": 58, "executed_branches": [], "missing_branches": []}, "get_task": {"executed_lines": [66], "summary": {"covered_lines": 1, "num_statements": 1, "percent_covered": 100.0, "percent_covered_display": "100", "missing_lines": 0, "excluded_lines": 0, "percent_statements_covered": 100.0, "percent_statements_covered_display": "100", "num_branches": 0, "num_partial_branches": 0, "covered_branches": 0, "missing_branches": 0, "percent_branches_covered": 100.0, "percent_branches_covered_display": "100"}, "missing_lines": [], "excluded_lines": [], "start_line": 64, "executed_branches": [], "missing_branches": []}, "_load_entry_points": {"executed_lines": [71, 72, 74, 82], "summary": {"covered_lines": 4, "num_statements": 14, "percent_covered": 33.333333333333336, "percent_covered_display": "33", "missing_lines": 10, "excluded_lines": 0, "percent_statements_covered": 28.571428571428573, "percent_statements_covered_display": "29", "num_branches": 4, "num_partial_branches": 2, "covered_branches": 2, "missing_branches": 2, "percent_branches_covered": 50.0, "percent_branches_covered_display": "50"}, "missing_lines": [76, 77, 78, 79, 80, 83, 84, 85, 86, 88], "excluded_lines": [], "start_line": 69, "executed_branches": [[71, 72], [82, -69]], "missing_branches": [[71, 76], [82, 83]]}, "_load_module": {"executed_lines": [], "summary": {"covered_lines": 0, "num_statements": 5, "percent_covered": 0.0, "percent_covered_display": "0", "missing_lines": 5, "excluded_lines": 0, "percent_statements_covered": 0.0, "percent_statements_covered_display": "0", "num_branches": 2, "num_partial_branches": 0, "covered_branches": 0, "missing_branches": 2, "percent_branches_covered": 0.0, "percent_branches_covered_display": "0"}, "missing_lines": [93, 94, 95, 96, 97], "excluded_lines": [], "start_line": 91, "executed_branches": [], "missing_branches": [[93, 94], [93, 97]]}, "load_registry_plugins": {"executed_lines": [102, 103], "summary": {"covered_lines": 2, "num_statements": 21, "percent_covered": 9.090909090909092, "percent_covered_display": "9", "missing_lines": 19, "ex
[...]
ng_lines": [184, 187, 188, 189, 192, 193, 194, 196], "excluded_lines": [], "start_line": 182, "executed_branches": [], "missing_branches": []}, "_deconvolution_boundary_inputs": {"executed_lines": [], "summary": {"covered_lines": 0, "num_statements": 9, "percent_covered": 0.0, "percent_covered_display": "0", "missing_lines": 9, "excluded_lines": 0, "percent_statements_covered": 0.0, "percent_statements_covered_display": "0", "num_branches": 0, "num_partial_branches": 0, "covered_branches": 0, "missing_branches": 0, "percent_branches_covered": 100.0, "percent_branches_covered_display": "100"}, "missing_lines": [201, 204, 205, 206, 209, 210, 211, 214, 216], "excluded_lines": [], "start_line": 199, "executed_branches": [], "missing_branches": []}, "run_task_boundary_tests": {"executed_lines": [], "summary": {"covered_lines": 0, "num_statements": 49, "percent_covered": 0.0, "percent_covered_display": "0", "missing_lines": 49, "excluded_lines": 0, "percent_statements_covered": 0.0, "percent_statements_covered_display": "0", "num_branches": 18, "num_partial_branches": 0, "covered_branches": 0, "missing_branches": 18, "percent_branches_covered": 0.0, "percent_branches_covered_display": "0"}, "missing_lines": [231, 232, 234, 235, 236, 237, 238, 239, 240, 241, 243, 244, 245, 246, 247, 248, 256, 257, 258, 259, 260, 261, 266, 267, 268, 269, 277, 278, 279, 280, 281, 282, 287, 288, 289, 290, 298, 299, 300, 301, 302, 303, 308, 309, 310, 311, 320, 328, 330], "excluded_lines": [], "start_line": 219, "executed_branches": [], "missing_branches": [[235, 236], [235, 256], [237, 238], [237, 328], [244, 245], [244, 246], [256, 257], [256, 277], [258, 259], [258, 328], [277, 278], [277, 298], [279, 280], [279, 328], [298, 299], [298, 320], [300, 301], [300, 328]]}, "format_boundary_report": {"executed_lines": [], "summary": {"covered_lines": 0, "num_statements": 13, "percent_covered": 0.0, "percent_covered_display": "0", "missing_lines": 13, "excluded_lines": 0, "percent_statements_covered": 0.0, "percent_statements_covered_display": "0", "num_branches": 4, "num_partial_branches": 0, "covered_branches": 0, "missing_branches": 4, "percent_branches_covered": 0.0, "percent_branches_covered_display": "0"}, "missing_lines": [335, 336, 337, 338, 339, 340, 341, 342, 343, 344, 345, 346, 347], "excluded_lines": [], "start_line": 333, "executed_branches": [], "missing_branches": [[336, 337], [336, 339], [341, 342], [341, 345]]}, "": {"executed_lines": [], "summary": {"covered_lines": 0, "num_statements": 33, "percent_covered": 0.0, "percent_covered_display": "0", "missing_lines": 33, "excluded_lines": 0, "percent_statements_covered": 0.0, "percent_statements_covered_display": "0", "num_branches": 0, "num_partial_branches": 0, "covered_branches": 0, "missing_branches": 0, "percent_branches_covered": 100.0, "percent_branches_covered_display": "100"}, "missing_lines": [14, 16, 17, 18, 19, 20, 22, 23, 26, 27, 30, 31, 32, 33, 36, 37, 40, 41, 42, 45, 46, 49, 50, 52, 53, 57, 105, 112, 160, 182, 199, 219, 333], "excluded_lines": [], "start_line": 1, "executed_branches": [], "missing_branches": []}}, "classes": {"BoundaryCase": {"executed_lines": [], "summary": {"covered_lines": 0, "num_statements": 0, "percent_covered": 100.0, "percent_covered_display": "100", "missing_lines": 0, "excluded_lines": 0, "percent_statements_covered": 100.0, "percent_statements_covered_display": "100", "num_branches": 0, "num_partial_branches": 0, "covered_branches": 0, "missing_branches": 0, "percent_branches_covered": 100.0, "percent_branches_covered_display": "100"}, "missing_lines": [], "excluded_lines": [], "start_line": 27, "executed_branches": [], "missing_branches": []}, "BoundaryTestResult": {"executed_lines": [], "summary": {"covered_lines": 0, "num_statements": 0, "percent_covered": 100.0, "percent_covered_display": "100", "missing_lines": 0, "excluded_lines": 0, "percent_statements_covered": 100.0, "percent_statements_covered_display": "100", "num_branches": 0, "num_partial_branches": 0, "covered_branches": 0, "missing_branches": 0, "percent_branches_covered": 100.0, "percent_branches_covered_display": "100"}, "missing_lines": [], "excluded_lines": [], "start_line": 37, "executed_branches": [], "missing_branches": []}, "BoundaryReport": {"executed_lines": [], "summary": {"covered_lines": 0, "num_statements": 1, "percent_covered": 0.0, "percent_covered_display": "0", "missing_lines": 1, "excluded_lines": 0, "percent_statements_covered": 0.0, "percent_statements_covered_display": "0", "num_branches": 0, "num_partial_branches": 0, "covered_branches": 0, "missing_branches": 0, "percent_branches_covered": 100.0, "percent_branches_covered_display": "100"}, "missing_lines": [54], "excluded_lines": [], "start_line": 46, "executed_branches": [], "missing_branches": []}, "": {"executed_lines": [], "summary": {"covered_lines": 0, "num_statements": 154, "percent_covered": 0.0, "percent_covered_display": "0", "missing_lines": 154, "excluded_lines": 0, "percent_statements_covered": 0.0, "percent_statements_covered_display": "0", "num_branches": 36, "num_partial_branches": 0, "covered_branches": 0, "missing_branches": 36, "percent_branches_covered": 0.0, "percent_branches_covered_display": "0"}, "missing_lines": [14, 16, 17, 18, 19, 20, 22, 23, 26, 27, 30, 31, 32, 33, 36, 37, 40, 41, 42, 45, 46, 49, 50, 52, 53, 57, 72, 73, 75, 76, 77, 78, 79, 80, 83, 84, 85, 86, 87, 88, 89, 90, 91, 92, 97, 105, 107, 108, 109, 112, 114, 115, 116, 117, 119, 122, 134, 146, 157, 160, 162, 165, 166, 167, 170, 171, 172, 175, 176, 177, 179, 182, 184, 187, 188, 189, 192, 193, 194, 196, 199, 201, 204, 205, 206, 209, 210, 211, 214, 216, 219, 231, 232, 234, 235, 236, 237, 238, 239, 240, 241, 243, 244, 245, 246, 247, 248, 256, 257, 258, 259, 260, 261, 266, 267, 268, 269, 277, 278, 279, 280, 281, 282, 287, 288, 289, 290, 298, 299, 300, 301, 302, 303, 308, 309, 310, 311, 320, 328, 330, 333, 335, 336, 337, 338, 339, 340, 341, 342, 343, 344, 345, 346, 347], "excluded_lines": [], "start_line": 1, "executed_branches": [], "missing_branches": [[75, 76], [75, 97], [79, 80], [79, 84], [84, 85], [84, 86], [86, 75], [86, 87], [89, 90], [89, 91], [91, 75], [91, 92], [107, 108], [107, 109], [235, 236], [235, 256], [237, 238], [237, 328], [244, 245], [244, 246], [256, 257], [256, 277], [258, 259], [258, 328], [277, 278], [277, 298], [279, 280], [279, 328], [298, 299], [298, 320], [300, 301], [300, 328], [336, 337], [336, 339], [341, 342], [341, 345]]}}}, "skillprism/testing/fixtures.py": {"executed_lines": [], "summary": {"covered_lines": 0, "num_statements": 20, "percent_covered": 0.0, "percent_covered_display": "0", "missing_lines": 20, "excluded_lines": 0, "percent_statements_covered": 0.0, "percent_statements_covered_display": "0", "num_branches": 0, "num_partial_branches": 0, "covered_branches": 0, "missing_branches": 0, "percent_branches_covered": 100.0, "percent_branches_covered_display": "100"}, "missing_lines": [9, 11, 12, 14, 16, 19, 20, 22, 23, 24, 46, 49, 50, 52, 55, 56, 58, 61, 62, 64], "excluded_lines": [], "executed_branches": [], "missing_branches": [], "functions": {"tmp_skill_dir": {"executed_lines": [], "summary": {"covered_lines": 0, "num_statements": 4, "percent_covered": 0.0, "percent_covered_display": "0", "missing_lines": 4, "excluded_lines": 0, "percent_statements_covered": 0.0, "percent_statements_covered_display": "0", "num_branches": 0, "num_partial_branches": 0, "covered_branches": 0, "missing_branches": 0, "percent_branches_covered": 100.0, "percent_branches_covered_display": "100"}, "missing_lines": [22, 23, 24, 46], "excluded_lines": [], "start_line": 20, "executed_branches": [], "missing_branches": []}, "mock_table_csv": {"executed_lines": [], "summary": {"covered_lines": 0, "num_statements": 1, "percent_covered": 0.0, "percent_covered_display": "0", "missing_lines": 1, "excluded_lines": 0, "percent_statements_covered": 0.0, "percent_statements_covered_display": "0", "num_branches": 0, "num_partial_branches": 0, "covered_branches": 0, "missing_branches": 0, "percent_branches_covered": 100.0, "percent_branches_covered_display": "100"}, "missing_lines": [52], "excluded_lines": [], "start_line": 50, "executed_branches": [], "missing_branches": []}, "mock_document_prompt": {"executed_lines": [], "summary": {"covered_lines": 0, "num_statements": 1, "percent_covered": 0.0, "percent_covered_display": "0", "missing_lines": 1, "excluded_lines": 0, "percent_statements_covered": 0.0, "percent_statements_covered_display": "0", "num_branches": 0, "num_partial_branches": 0, "covered_branches": 0, "missing_branches": 0, "percent_branches_covered": 100.0, "percent_branches_covered_display": "100"}, "missing_lines": [58], "excluded_lines": [], "start_line": 56, "executed_branches": [], "missing_branches": []}, "minimal_registry": {"executed_lines": [], "summary": {"covered_lines": 0, "num_statements": 1, "percent_covered": 0.0, "percent_covered_display": "0", "missing_lines": 1, "excluded_lines": 0, "percent_statements_covered": 0.0, "percent_statements_covered_display": "0", "num_branches": 0, "num_partial_branches": 0, "covered_branches": 0, "missing_branches": 0, "percent_branches_covered": 100.0, "percent_branches_covered_display": "100"}, "missing_lines": [64], "excluded_lines": [], "start_line": 62, "executed_branches": [], "missing_branches": []}, "": {"executed_lines": [], "summary": {"covered_lines": 0, "num_statements": 13, "percent_covered": 0.0, "percent_covered_display": "0", "missing_lines": 13, "excluded_lines": 0, "percent_statements_covered": 0.0, "percent_statements_covered_display": "0", "num_branches": 0, "num_partial_branches": 0, "covered_branches": 0, "missing_branches": 0, "percent_branches_covered": 100.0, "percent_branches_covered_display": "100"}, "missing_lines": [9, 11, 12, 14, 16, 19, 20, 49, 50, 55, 56, 61, 62], "excluded_lines": [], "start_line": 1, "executed_branches": [], "missing_branches": []}}, "classes": {"": {"executed_lines": [], "summary": {"covered_lines": 0, "num_statements": 20, "percent_covered": 0.0, "percent_covered_display": "0", "missing_lines": 20, "excluded_lines": 0, "percent_statements_covered": 0.0, "percent_statements_covered_display": "0", "num_branches": 0, "num_partial_branches": 0, "covered_branches": 0, "missing_branches": 0, "percent_branches_covered": 100.0, "percent_branches_covered_display": "100"}, "missing_lines": [9, 11, 12, 14, 16, 19, 20, 22, 23, 24, 46, 49, 50, 52, 55, 56, 58, 61, 62, 64], "excluded_lines": [], "start_line": 1, "executed_branches": [], "missing_branches": []}}}, "skillprism/testing/mock_data.py": {"executed_lines": [], "summary": {"covered_lines": 0, "num_statements": 66, "percent_covered": 0.0, "percent_covered_display": "0", "missing_lines": 66, "excluded_lines": 0, "percent_statements_covered": 0.0, "percent_statements_covered_display": "0", "num_branches": 8, "num_partial_branches": 0, "covered_branches": 0, "missing_branches": 8, "percent_branches_covered": 0.0, "percent_branches_covered_display": "0"}, "missing_lines": [10, 12, 13, 14, 16, 17, 20, 27, 28, 29, 30, 31, 32, 33, 34, 37, 48, 49, 50, 51, 52, 57, 58, 59, 61, 67, 68, 71, 85, 86, 87, 88, 93, 94, 95, 98, 99, 100, 102, 103, 104, 105, 106, 108, 118, 120, 121, 122, 123, 124, 127, 129, 131, 133, 134, 145, 146, 147, 149, 152, 157, 161, 162, 163, 164, 165], "excluded_lines": [], "executed_branches": [], "missing_branches": [[30, 31], [30, 32], [100, 102], [100, 108], [121, 122], [121, 129], [161, 162], [161, 163]], "functions": {"generate_table_csv": {"executed_lines": [], "summary": {"covered_lines": 0, "num_statements": 8, "percent_covered": 0.0, "percent_covered_display": "0", "missing_lines": 8, "excluded_lines": 0, "percent_statements_covered": 0.0, "percent_statements_covered_display": "0", "num_branches": 2, "num_partial_branches": 0, "covered_branches": 0, "missing_branches": 2, "percent_branches_covered": 0.0, "percent_branches_covered_display": "0"}, "missing_lines": [27, 28, 29, 30, 31, 32, 33, 34], "excluded_lines": [], "start_line": 20, "executed_branches": [], "missing_branches": [[30, 31], [30, 32]]}, "generate_anndata": {"executed_lines": [], "summary": {"covered_lines": 0, "num_statements": 11, "percent_covered": 0.0, "percent_covered_display": "0", "missing_lines": 11, "excluded_lines": 0, "percent_statements_covered": 0.0, "percent_statements_covered_display": "0", "num_branches": 0, "num_partial_branches": 0, "covered_branches": 0, "missing_branches": 0, "percent_branches_covered": 100.0, "percent_branches_covered_display": "100"}, "missing_lines": [48, 49, 50, 51, 52, 57, 58, 59, 61, 67, 68], "excluded_lines": [], "start_line": 37, "executed_branches": [], "missing_branches": []}, "generate_visium_data": {"executed_lines": [], "summary": {"covered_lines": 0, "num_statements": 31, "percent_covered": 0.0, "percent_covered_display": "0", "missing_lines": 31, "excluded_lines": 0, "percent_statements_covered": 0.0, "percent_statements_covered_display": "0", "num_branches": 4, "num_partial_branches": 0, "covered_branches": 0, "missing_branches": 4, "percent_branches_covered": 0.0, "percent_branches_covered_display": "0"}, "missing_lines": [85, 86, 87, 88, 93, 94, 95, 98, 99, 100, 102, 103, 104, 105, 106, 108, 118, 120, 121, 122, 123, 124, 127, 129, 131, 133, 134, 145, 146, 147, 149], "excluded_lines": [], "start_line": 71, "executed_branches": [], "missing_branches": [[100, 102], [100, 108], [121, 122], [121, 129]]}, "generate_document_prompt": {"executed_lines": [], "summary": {"covered_lines": 0, "num_statements": 6, "percent_covered": 0.0, "percent_covered_display": "0", "missing_lines": 6, "excluded_lines": 0, "percent_statements_covered": 0.0, "percent_statements_covered_display": "0", "num_branches": 2, "num_partial_branches": 0, "covered_branches": 0, "missing_branches": 2, "percent_branches_covered": 0.0, "percent_branches_covered_display": "0"}, "missing_lines": [157, 161, 162, 163, 164, 165], "excluded_lines": [], "start_line": 152, "executed_branches": [], "missing_branches": [[161, 162], [161, 163]]}, "": {"executed_lines": [], "summary": {"covered_lines": 0, "num_statements": 10, "percent_covered": 0.0, "percent_covered_display": "0", "missing_lines": 10, "excluded_lines": 0, "percent_statements_covered": 0.0, "percent_statements_covered_display": "0", "num_branches": 0, "num_partial_branches": 0, "covered_branches": 0, "missing_branches": 0, "percent_branches_covered": 100.0, "percent_branches_covered_display": "100"}, "missing_lines": [10, 12, 13, 14, 16, 17, 20, 37, 71, 152], "excluded_lines": [], "start_line": 1, "executed_branches": [], "missing_branches": []}}, "classes": {"": {"executed_lines": [], "summary": {"covered_lines": 0, "num_statements": 66, "percent_covered": 0.0, "percent_covered_display": "0", "missing_lines": 66, "excluded_lines": 0, "percent_statements_covered": 0.0, "percent_statements_covered_display": "0", "num_branches": 8, "num_partial_branches": 0, "covered_branches": 0, "missing_branches": 8, "percent_branches_covered": 0.0, "percent_branches_covered_display": "0"}, "missing_lines": [10, 12, 13, 14, 16, 17, 20, 27, 28, 29, 30, 31, 32, 33, 34, 37, 48, 49, 50, 51, 52, 57, 58, 59, 61, 67, 68, 71, 85, 86, 87, 88, 93, 94, 95, 98, 99, 100, 102, 103, 104, 105, 106, 108, 118, 120, 121, 122, 123, 124, 127, 129, 131, 133, 134, 145, 146, 147, 149, 152, 157, 161, 162, 163, 164, 165], "excluded_lines": [], "start_line": 1, "executed_branches": [], "missing_branches": [[30, 31], [30, 32], [100, 102], [100, 108], [121, 122], [121, 129], [161, 162], [161, 163]]}}}, "skillprism/utils.py": {"executed_lines": [10, 12, 13, 16, 28, 30, 31, 33, 36, 47, 49, 50, 51, 52, 53, 54, 55, 56, 57, 58], "summary": {"covered_lines": 20, "num_statements": 27, "percent_covered": 78.37837837837837, "percent_covered_display": "78", "missing_lines": 7, "excluded_lines": 0, "percent_statements_covered": 74.07407407407408, "percent_statements_covered_display": "74", "num_branches": 10, "num_partial_branches": 1, "covered_branches": 9, "missing_branches": 1, "percent_branches_covered": 90.0, "percent_branches_covered_display": "90"}, "missing_lines": [32, 38, 39, 41, 42, 43, 44], "excluded_lines": [], "executed_branches": [[31, 33], [50, 51], [50, 58], [51, 52], [51, 53], [54, 55], [54, 56], [56, 50], [56, 57]], "missing_branches": [[31, 32]], "functions": {"read_skill_md": {"executed_lines": [30, 31, 33], "summary": {"covered_lines": 3, "num_statements": 4, "percent_covered": 66.66666666666667, "percent_covered_display": "67", "missing_lines": 1, "excluded_lines": 0, "percent_statements_covered": 75.0, "percent_statements_covered_display": "75", "num_branches": 2, "num_partial_branches": 1, "covered_branches": 1, "missing_branches": 1, "percent_branches_covered": 50.0, "percent_branches_covered_display": "50"}, "missing_lines": [32], "excluded_lines": [], "start_line": 28, "executed_branches": [[31, 33]], "missing_branches": [[31, 32]]}, "check_python_syntax": {"executed_lines": [], "summary": {"covered_lines": 0, "num_statements": 6, "percent_covered": 0.0, "percent_covered_display": "0", "missing_lines": 6, "excluded_lines": 0, "percent_statements_covered": 0.0, "percent_statements_covered_display": "0", "num_branches": 0, "num_partial_branches": 0, "covered_branches": 0, "missing_branches": 0, "percent_branches_covered": 100.0, "percent_branches_covered_display": "100"}, "missing_lines": [38, 39, 41, 42, 43, 44], "excluded_lines": [], "start_line": 36, "executed_branches": [], "missing_branches": []}, "list_files_by_ext": {"executed_lines": [49, 50, 51, 52, 53, 54, 55, 56, 57, 58], "summary": {"covered_lines": 10, "num_statements": 10, "percent_covered": 100.0, "percent_covered_display": "100", "missing_lines": 0, "excluded_lines": 0, "percent_statements_covered": 100.0, "percent_statements_covered_display": "100", "num_branches": 8, "num_partial_branches": 0, "covered_branches": 8, "missing_branches": 0, "percent_branches_covered": 100.0, "percent_branches_covered_display": "100"}, "missing_lines": [], "excluded_lines": [], "start_line": 47, "executed_branches": [[50, 51], [50, 58], [51, 52], [51, 53], [54, 55], [54, 56], [56, 50], [56, 57]], "missing_branches": []}, "": {"executed_lines": [10, 12, 13, 16, 28, 36, 47], "summary": {"covered_lines": 7, "num_statements": 7, "percent_covered": 100.0, "percent_covered_display": "100", "missing_lines": 0, "excluded_lines": 0, "percent_statements_covered": 100.0, "percent_statements_covered_display": "100", "num_branches": 0, "num_partial_branches": 0, "covered_branches": 0, "missing_branches": 0, "percent_branches_covered": 100.0, "percent_branches_covered_display": "100"}, "missing_lines": [], "excluded_lines": [], "start_line": 1, "executed_branches": [], "missing_branches": []}}, "classes": {"": {"executed_lines": [10, 12, 13, 16, 28, 30, 31, 33, 36, 47, 49, 50, 51, 52, 53, 54, 55, 56, 57, 58], "summary": {"covered_lines": 20, "num_statements": 27, "percent_covered": 78.37837837837837, "percent_covered_display": "78", "missing_lines": 7, "excluded_lines": 0, "percent_statements_covered": 74.07407407407408, "percent_statements_covered_display": "74", "num_branches": 10, "num_partial_branches": 1, "covered_branches": 9, "missing_branches": 1, "percent_branches_covered": 90.0, "percent_branches_covered_display": "90"}, "missing_lines": [32, 38, 39, 41, 42, 43, 44], "excluded_lines": [], "start_line": 1, "executed_branches": [[31, 33], [50, 51], [50, 58], [51, 52], [51, 53], [54, 55], [54, 56], [56, 50], [56, 57]], "missing_branches": [[31, 32]]}}}}, "totals": {"covered_lines": 2777, "num_statements": 5226, "percent_covered": 49.84493938539611, "percent_covered_display": "50", "missing_lines": 2449, "excluded_lines": 7, "percent_statements_covered": 53.13815537696135, "percent_statements_covered_display": "53", "num_branches": 1868, "num_partial_branches": 263, "covered_branches": 759, "missing_branches": 1109, "percent_branches_covered": 40.63169164882227, "percent_branches_covered_display": "41"}}